Using pre-set license
Built from '2020.3/release' branch; Version is '2020.3.7f1 (dd97f2c94397) revision 14522354'; Using compiler version '192528614'; Build Type 'Release'
OS: 'Windows 10 Pro; OS build 19042.1052; Version 2009; 64bit' Language: 'de' Physical Memory: 8076 MB
BatchMode: 1, IsHumanControllingUs: 0, StartBugReporterOnCrash: 0, Is64bit: 1, IsPro: 0

 COMMAND LINE ARGUMENTS:
C:\Program Files\Unity\Hub\Editor\2020.3.7f1\Editor\Unity.exe
-adb2
-batchMode
-noUpm
-name
AssetImportWorker2
-projectPath
C:/Users/meike/Desktop/Studium Osnabrueck/6. Semester SoSe 21/Advanced Experiment Design in Unity/Unity-Minigolf/Unity_Minigolf
-logFile
Logs/AssetImportWorker2.log
-srvPort
55812
Successfully changed project path to: C:/Users/meike/Desktop/Studium Osnabrueck/6. Semester SoSe 21/Advanced Experiment Design in Unity/Unity-Minigolf/Unity_Minigolf
C:/Users/meike/Desktop/Studium Osnabrueck/6. Semester SoSe 21/Advanced Experiment Design in Unity/Unity-Minigolf/Unity_Minigolf
Using Asset Import Pipeline V2.
Refreshing native plugins compatible for Editor in 419.62 ms, found 2 plugins.
Preloading 0 native plugins for Editor in 0.00 ms.
Initialize engine version: 2020.3.7f1 (dd97f2c94397)
[Subsystems] Discovering subsystems at path C:/Program Files/Unity/Hub/Editor/2020.3.7f1/Editor/Data/Resources/UnitySubsystems
[Subsystems] Discovering subsystems at path C:/Users/meike/Desktop/Studium Osnabrueck/6. Semester SoSe 21/Advanced Experiment Design in Unity/Unity-Minigolf/Unity_Minigolf/Assets
GfxDevice: creating device client; threaded=0
Direct3D:
    Version:  Direct3D 11.0 [level 11.1]
    Renderer: Intel(R) HD Graphics 615 (ID=0x591e)
    Vendor:   
    VRAM:     4038 MB
    Driver:   27.20.100.8681
Initialize mono
Mono path[0] = 'C:/Program Files/Unity/Hub/Editor/2020.3.7f1/Editor/Data/Managed'
Mono path[1] = 'C:/Program Files/Unity/Hub/Editor/2020.3.7f1/Editor/Data/MonoBleedingEdge/lib/mono/unityjit'
Mono config path = 'C:/Program Files/Unity/Hub/Editor/2020.3.7f1/Editor/Data/MonoBleedingEdge/etc'
Using monoOptions --debugger-agent=transport=dt_socket,embedding=1,server=y,suspend=n,address=127.0.0.1:56484
Begin MonoManager ReloadAssembly
Registering precompiled unity dll's ...
Register platform support module: C:/Program Files/Unity/Hub/Editor/2020.3.7f1/Editor/Data/PlaybackEngines/WindowsStandaloneSupport/UnityEditor.WindowsStandalone.Extensions.dll
Registered in 0.005317 seconds.
Native extension for WindowsStandalone target not found
Refreshing native plugins compatible for Editor in 93.56 ms, found 2 plugins.
Preloading 0 native plugins for Editor in 0.00 ms.
Mono: successfully reloaded assembly
- Completed reload, in  6.857 seconds
Platform modules already initialized, skipping
Registering precompiled user dll's ...
Registered in 0.010668 seconds.
Begin MonoManager ReloadAssembly
Native extension for WindowsStandalone target not found
Refreshing native plugins compatible for Editor in 0.63 ms, found 2 plugins.
Preloading 0 native plugins for Editor in 0.00 ms.
Mono: successfully reloaded assembly
- Completed reload, in  3.228 seconds
Platform modules already initialized, skipping
========================================================================
Worker process is ready to serve import requests
Launched and connected shader compiler UnityShaderCompiler.exe after 0.12 seconds
Refreshing native plugins compatible for Editor in 1.14 ms, found 2 plugins.
Preloading 0 native plugins for Editor in 0.00 ms.
Unloading 1376 Unused Serialized files (Serialized files now loaded: 0)
System memory in use before: 67.5 MB.
System memory in use after: 67.6 MB.

Unloading 17 unused Assets to reduce memory usage. Loaded Objects now: 1813.
Total: 7.538700 ms (FindLiveObjects: 0.672700 ms CreateObjectMapping: 0.272000 ms MarkObjects: 6.374700 ms  DeleteObjects: 0.215100 ms)

========================================================================
Received Import Request.
  path: Assets/Code/PlayerCustomization/CharacterCustomization.cs
  artifactKey: Guid(9a279041a92dd0d4991902f82f6d3534) Importer(815301076,1909f56bfc062723c751e8b465ee728b)
Start importing Assets/Code/PlayerCustomization/CharacterCustomization.cs using Guid(9a279041a92dd0d4991902f82f6d3534) Importer(815301076,1909f56bfc062723c751e8b465ee728b)  -> (artifact id: '681ab5ff817fdd0e7aab44ad672f9bb0') in 0.158820 seconds
  Import took 0.179382 seconds .

AssetImportWorkerClient::OnTransportError - code=2 error=End of file
