Using pre-set license
Built from '2020.3/release' branch; Version is '2020.3.7f1 (dd97f2c94397) revision 14522354'; Using compiler version '192528614'; Build Type 'Release'
OS: 'Windows 10 Pro; OS build 19042.928; Version 2009; 64bit' Language: 'de' Physical Memory: 16327 MB
BatchMode: 1, IsHumanControllingUs: 0, StartBugReporterOnCrash: 0, Is64bit: 1, IsPro: 0

 COMMAND LINE ARGUMENTS:
C:\Program Files\Unity\Hub\Editor\2020.3.7f1\Editor\Unity.exe
-adb2
-batchMode
-noUpm
-name
AssetImportWorker1
-projectPath
C:/Users/Max/Documents/GitHub/Unity-Minigolf/Unity_Minigolf
-logFile
Logs/AssetImportWorker1.log
-srvPort
64900
Successfully changed project path to: C:/Users/Max/Documents/GitHub/Unity-Minigolf/Unity_Minigolf
C:/Users/Max/Documents/GitHub/Unity-Minigolf/Unity_Minigolf
Using Asset Import Pipeline V2.
Refreshing native plugins compatible for Editor in 33.07 ms, found 2 plugins.
Preloading 0 native plugins for Editor in 0.00 ms.
Initialize engine version: 2020.3.7f1 (dd97f2c94397)
[Subsystems] Discovering subsystems at path C:/Program Files/Unity/Hub/Editor/2020.3.7f1/Editor/Data/Resources/UnitySubsystems
[Subsystems] Discovering subsystems at path C:/Users/Max/Documents/GitHub/Unity-Minigolf/Unity_Minigolf/Assets
GfxDevice: creating device client; threaded=0
Direct3D:
    Version:  Direct3D 11.0 [level 11.0]
    Renderer: NVIDIA GeForce GTX TITAN (ID=0x1005)
    Vendor:   
    VRAM:     6096 MB
    Driver:   27.21.14.6627
Initialize mono
Mono path[0] = 'C:/Program Files/Unity/Hub/Editor/2020.3.7f1/Editor/Data/Managed'
Mono path[1] = 'C:/Program Files/Unity/Hub/Editor/2020.3.7f1/Editor/Data/MonoBleedingEdge/lib/mono/unityjit'
Mono config path = 'C:/Program Files/Unity/Hub/Editor/2020.3.7f1/Editor/Data/MonoBleedingEdge/etc'
Using monoOptions --debugger-agent=transport=dt_socket,embedding=1,server=y,suspend=n,address=127.0.0.1:56748
Begin MonoManager ReloadAssembly
Registering precompiled unity dll's ...
Register platform support module: C:/Program Files/Unity/Hub/Editor/2020.3.7f1/Editor/Data/PlaybackEngines/WindowsStandaloneSupport/UnityEditor.WindowsStandalone.Extensions.dll
Registered in 0.002138 seconds.
Native extension for WindowsStandalone target not found
Refreshing native plugins compatible for Editor in 32.58 ms, found 2 plugins.
Preloading 0 native plugins for Editor in 0.00 ms.
Mono: successfully reloaded assembly
- Completed reload, in  1.630 seconds
Platform modules already initialized, skipping
Registering precompiled user dll's ...
Registered in 0.004799 seconds.
Begin MonoManager ReloadAssembly
Native extension for WindowsStandalone target not found
Refreshing native plugins compatible for Editor in 0.36 ms, found 2 plugins.
Preloading 0 native plugins for Editor in 0.00 ms.
Mono: successfully reloaded assembly
- Completed reload, in  1.176 seconds
Platform modules already initialized, skipping
========================================================================
Worker process is ready to serve import requests
Launched and connected shader compiler UnityShaderCompiler.exe after 0.05 seconds
Refreshing native plugins compatible for Editor in 0.40 ms, found 2 plugins.
Preloading 0 native plugins for Editor in 0.00 ms.
Unloading 1376 Unused Serialized files (Serialized files now loaded: 0)
System memory in use before: 66.8 MB.
System memory in use after: 66.8 MB.

Unloading 17 unused Assets to reduce memory usage. Loaded Objects now: 1813.
Total: 2.494200 ms (FindLiveObjects: 0.240500 ms CreateObjectMapping: 0.155600 ms MarkObjects: 2.011900 ms  DeleteObjects: 0.084900 ms)

========================================================================
Received Import Request.
  path: Assets/Assets/Floor/FloorTile.prefab
  artifactKey: Guid(53fce6f379e57b64389c3eeeadc43825) Importer(815301076,1909f56bfc062723c751e8b465ee728b)
Start importing Assets/Assets/Floor/FloorTile.prefab using Guid(53fce6f379e57b64389c3eeeadc43825) Importer(815301076,1909f56bfc062723c751e8b465ee728b)  -> (artifact id: '68470d711f8c61d8d9198bb826859510') in 0.124938 seconds
  Import took 0.127678 seconds .

========================================================================
Received Prepare
Registering precompiled user dll's ...
Registered in 0.006691 seconds.
Begin MonoManager ReloadAssembly
Native extension for WindowsStandalone target not found
Refreshing native plugins compatible for Editor in 0.41 ms, found 2 plugins.
Preloading 0 native plugins for Editor in 0.00 ms.
Mono: successfully reloaded assembly
- Completed reload, in  1.136 seconds
Platform modules already initialized, skipping
Refreshing native plugins compatible for Editor in 0.39 ms, found 2 plugins.
Preloading 0 native plugins for Editor in 0.00 ms.
Unloading 1357 Unused Serialized files (Serialized files now loaded: 0)
System memory in use before: 68.5 MB.
System memory in use after: 68.6 MB.

Unloading 13 unused Assets to reduce memory usage. Loaded Objects now: 1823.
Total: 1.862400 ms (FindLiveObjects: 0.168000 ms CreateObjectMapping: 0.050600 ms MarkObjects: 1.566400 ms  DeleteObjects: 0.076500 ms)

========================================================================
Received Prepare
Registering precompiled user dll's ...
Registered in 0.003472 seconds.
Begin MonoManager ReloadAssembly
Native extension for WindowsStandalone target not found
Refreshing native plugins compatible for Editor in 0.42 ms, found 2 plugins.
Preloading 0 native plugins for Editor in 0.00 ms.
Mono: successfully reloaded assembly
- Completed reload, in  1.021 seconds
Platform modules already initialized, skipping
Refreshing native plugins compatible for Editor in 0.36 ms, found 2 plugins.
Preloading 0 native plugins for Editor in 0.00 ms.
Unloading 1357 Unused Serialized files (Serialized files now loaded: 0)
System memory in use before: 68.5 MB.
System memory in use after: 68.6 MB.

Unloading 12 unused Assets to reduce memory usage. Loaded Objects now: 1825.
Total: 2.729200 ms (FindLiveObjects: 0.197700 ms CreateObjectMapping: 0.051700 ms MarkObjects: 2.459100 ms  DeleteObjects: 0.019300 ms)

========================================================================
Received Prepare
Registering precompiled user dll's ...
Registered in 0.003535 seconds.
Begin MonoManager ReloadAssembly
Native extension for WindowsStandalone target not found
Refreshing native plugins compatible for Editor in 0.36 ms, found 2 plugins.
Preloading 0 native plugins for Editor in 0.00 ms.
Mono: successfully reloaded assembly
- Completed reload, in  1.159 seconds
Platform modules already initialized, skipping
Refreshing native plugins compatible for Editor in 0.41 ms, found 2 plugins.
Preloading 0 native plugins for Editor in 0.00 ms.
Unloading 1357 Unused Serialized files (Serialized files now loaded: 0)
System memory in use before: 68.5 MB.
System memory in use after: 68.6 MB.

Unloading 12 unused Assets to reduce memory usage. Loaded Objects now: 1827.
Total: 2.322500 ms (FindLiveObjects: 0.227300 ms CreateObjectMapping: 0.104800 ms MarkObjects: 1.968600 ms  DeleteObjects: 0.019300 ms)

========================================================================
Received Prepare
Registering precompiled user dll's ...
Registered in 0.005351 seconds.
Begin MonoManager ReloadAssembly
Native extension for WindowsStandalone target not found
Refreshing native plugins compatible for Editor in 0.36 ms, found 2 plugins.
Preloading 0 native plugins for Editor in 0.00 ms.
Mono: successfully reloaded assembly
- Completed reload, in  1.066 seconds
Platform modules already initialized, skipping
Refreshing native plugins compatible for Editor in 0.39 ms, found 2 plugins.
Preloading 0 native plugins for Editor in 0.00 ms.
Unloading 1357 Unused Serialized files (Serialized files now loaded: 0)
System memory in use before: 68.5 MB.
System memory in use after: 68.6 MB.

Unloading 12 unused Assets to reduce memory usage. Loaded Objects now: 1829.
Total: 2.436100 ms (FindLiveObjects: 0.182900 ms CreateObjectMapping: 0.050000 ms MarkObjects: 2.157800 ms  DeleteObjects: 0.044000 ms)

========================================================================
Received Prepare
Registering precompiled user dll's ...
Registered in 0.003524 seconds.
Begin MonoManager ReloadAssembly
Native extension for WindowsStandalone target not found
Refreshing native plugins compatible for Editor in 0.35 ms, found 2 plugins.
Preloading 0 native plugins for Editor in 0.00 ms.
Mono: successfully reloaded assembly
- Completed reload, in  1.080 seconds
Platform modules already initialized, skipping
Refreshing native plugins compatible for Editor in 0.38 ms, found 2 plugins.
Preloading 0 native plugins for Editor in 0.00 ms.
Unloading 1357 Unused Serialized files (Serialized files now loaded: 0)
System memory in use before: 68.5 MB.
System memory in use after: 68.6 MB.

Unloading 12 unused Assets to reduce memory usage. Loaded Objects now: 1831.
Total: 2.579200 ms (FindLiveObjects: 0.174700 ms CreateObjectMapping: 0.121000 ms MarkObjects: 2.254300 ms  DeleteObjects: 0.028100 ms)

========================================================================
Received Prepare
Registering precompiled user dll's ...
Registered in 0.005922 seconds.
Begin MonoManager ReloadAssembly
Native extension for WindowsStandalone target not found
Refreshing native plugins compatible for Editor in 0.63 ms, found 2 plugins.
Preloading 0 native plugins for Editor in 0.00 ms.
Mono: successfully reloaded assembly
- Completed reload, in  1.129 seconds
Platform modules already initialized, skipping
Refreshing native plugins compatible for Editor in 0.45 ms, found 2 plugins.
Preloading 0 native plugins for Editor in 0.00 ms.
Unloading 1357 Unused Serialized files (Serialized files now loaded: 0)
System memory in use before: 68.5 MB.
System memory in use after: 68.6 MB.

Unloading 12 unused Assets to reduce memory usage. Loaded Objects now: 1833.
Total: 3.199200 ms (FindLiveObjects: 0.461700 ms CreateObjectMapping: 0.231700 ms MarkObjects: 2.459000 ms  DeleteObjects: 0.034900 ms)

========================================================================
Received Prepare
Registering precompiled user dll's ...
Registered in 0.004522 seconds.
Begin MonoManager ReloadAssembly
Native extension for WindowsStandalone target not found
Refreshing native plugins compatible for Editor in 0.36 ms, found 2 plugins.
Preloading 0 native plugins for Editor in 0.00 ms.
Mono: successfully reloaded assembly
- Completed reload, in  1.078 seconds
Platform modules already initialized, skipping
Refreshing native plugins compatible for Editor in 0.36 ms, found 2 plugins.
Preloading 0 native plugins for Editor in 0.00 ms.
Unloading 1357 Unused Serialized files (Serialized files now loaded: 0)
System memory in use before: 68.5 MB.
System memory in use after: 68.6 MB.

Unloading 12 unused Assets to reduce memory usage. Loaded Objects now: 1835.
Total: 2.374300 ms (FindLiveObjects: 0.190900 ms CreateObjectMapping: 0.129900 ms MarkObjects: 2.033100 ms  DeleteObjects: 0.019300 ms)

========================================================================
Received Prepare
Registering precompiled user dll's ...
Registered in 0.003577 seconds.
Begin MonoManager ReloadAssembly
Native extension for WindowsStandalone target not found
Refreshing native plugins compatible for Editor in 0.37 ms, found 2 plugins.
Preloading 0 native plugins for Editor in 0.00 ms.
Mono: successfully reloaded assembly
- Completed reload, in  1.053 seconds
Platform modules already initialized, skipping
Refreshing native plugins compatible for Editor in 0.36 ms, found 2 plugins.
Preloading 0 native plugins for Editor in 0.00 ms.
Unloading 1357 Unused Serialized files (Serialized files now loaded: 0)
System memory in use before: 68.5 MB.
System memory in use after: 68.6 MB.

Unloading 12 unused Assets to reduce memory usage. Loaded Objects now: 1837.
Total: 3.283600 ms (FindLiveObjects: 0.313000 ms CreateObjectMapping: 0.116600 ms MarkObjects: 2.830900 ms  DeleteObjects: 0.021100 ms)

========================================================================
Received Import Request.
  Time since last request: 988.901107 seconds.
  path: Assets/Prefabs/CleanUp.prefab
  artifactKey: Guid(d845d2dc9d4ec4e43a13ca3db4e09778) Importer(815301076,1909f56bfc062723c751e8b465ee728b)
Start importing Assets/Prefabs/CleanUp.prefab using Guid(d845d2dc9d4ec4e43a13ca3db4e09778) Importer(815301076,1909f56bfc062723c751e8b465ee728b)  -> (artifact id: '93dfe1f9a418965f482cc7a116ffa92b') in 0.078328 seconds
  Import took 0.081009 seconds .

========================================================================
Received Import Request.
  Time since last request: 0.000244 seconds.
  path: Assets/Prefabs/FloorTileFlowers.prefab
  artifactKey: Guid(7c9d2b225a847194c91a301c32a380c0) Importer(815301076,1909f56bfc062723c751e8b465ee728b)
Start importing Assets/Prefabs/FloorTileFlowers.prefab using Guid(7c9d2b225a847194c91a301c32a380c0) Importer(815301076,1909f56bfc062723c751e8b465ee728b)  -> (artifact id: '2156e8ac5197fb9f5e3814d8fe3e8c5c') in 0.128923 seconds
  Import took 0.132973 seconds .

========================================================================
Received Import Request.
  Time since last request: 0.000277 seconds.
  path: Assets/Prefabs/FloorTile.prefab
  artifactKey: Guid(27c558490165a2b40b1a337f4b0ac3bc) Importer(815301076,1909f56bfc062723c751e8b465ee728b)
Start importing Assets/Prefabs/FloorTile.prefab using Guid(27c558490165a2b40b1a337f4b0ac3bc) Importer(815301076,1909f56bfc062723c751e8b465ee728b)  -> (artifact id: '81bda5a723fd26a043c03c82c271dfe1') in 0.019103 seconds
  Import took 0.021745 seconds .

========================================================================
Received Import Request.
  Time since last request: 0.000286 seconds.
  path: Assets/Prefabs/Pit.prefab
  artifactKey: Guid(86564956ab19c914eb544681779e3188) Importer(815301076,1909f56bfc062723c751e8b465ee728b)
Start importing Assets/Prefabs/Pit.prefab using Guid(86564956ab19c914eb544681779e3188) Importer(815301076,1909f56bfc062723c751e8b465ee728b)  -> (artifact id: '9686014dcdd97c87232fe50cce0749df') in 0.513586 seconds
  Import took 0.518966 seconds .

========================================================================
Received Import Request.
  Time since last request: 0.000271 seconds.
  path: Assets/Prefabs/Obstacle.prefab
  artifactKey: Guid(b54f0dfee5ef7254198e9219b536df58) Importer(815301076,1909f56bfc062723c751e8b465ee728b)
Start importing Assets/Prefabs/Obstacle.prefab using Guid(b54f0dfee5ef7254198e9219b536df58) Importer(815301076,1909f56bfc062723c751e8b465ee728b)  -> (artifact id: '9248e8802cd70ef5ea7b660dba0fc53b') in 0.033002 seconds
  Import took 0.036099 seconds .

========================================================================
Received Prepare
Registering precompiled user dll's ...
Registered in 0.004122 seconds.
Begin MonoManager ReloadAssembly
Native extension for WindowsStandalone target not found
Refreshing native plugins compatible for Editor in 0.36 ms, found 2 plugins.
Preloading 0 native plugins for Editor in 0.00 ms.
Mono: successfully reloaded assembly
- Completed reload, in  1.123 seconds
Platform modules already initialized, skipping
Refreshing native plugins compatible for Editor in 0.37 ms, found 2 plugins.
Preloading 0 native plugins for Editor in 0.00 ms.
Unloading 1357 Unused Serialized files (Serialized files now loaded: 0)
System memory in use before: 68.8 MB.
System memory in use after: 68.9 MB.

Unloading 13 unused Assets to reduce memory usage. Loaded Objects now: 1840.
Total: 2.510600 ms (FindLiveObjects: 0.231200 ms CreateObjectMapping: 0.110300 ms MarkObjects: 2.117900 ms  DeleteObjects: 0.048700 ms)

========================================================================
Received Import Request.
  Time since last request: 68.799299 seconds.
  path: Assets/Code/WorldGeneration/(DEPRECATED)GenerateFloorTile.cs
  artifactKey: Guid(1b7b7537eb9f76440b581421e427d879) Importer(815301076,1909f56bfc062723c751e8b465ee728b)
Start importing Assets/Code/WorldGeneration/(DEPRECATED)GenerateFloorTile.cs using Guid(1b7b7537eb9f76440b581421e427d879) Importer(815301076,1909f56bfc062723c751e8b465ee728b)  -> (artifact id: '5ff310d634e8b5ae11ec63b254336871') in 0.011567 seconds
  Import took 0.014373 seconds .

========================================================================
Received Prepare
Registering precompiled user dll's ...
Registered in 0.003680 seconds.
Begin MonoManager ReloadAssembly
Native extension for WindowsStandalone target not found
Refreshing native plugins compatible for Editor in 0.35 ms, found 2 plugins.
Preloading 0 native plugins for Editor in 0.00 ms.
Mono: successfully reloaded assembly
- Completed reload, in  1.065 seconds
Platform modules already initialized, skipping
Refreshing native plugins compatible for Editor in 0.44 ms, found 2 plugins.
Preloading 0 native plugins for Editor in 0.00 ms.
Unloading 1357 Unused Serialized files (Serialized files now loaded: 0)
System memory in use before: 68.8 MB.
System memory in use after: 68.9 MB.

Unloading 12 unused Assets to reduce memory usage. Loaded Objects now: 1842.
Total: 2.216200 ms (FindLiveObjects: 0.200200 ms CreateObjectMapping: 0.050000 ms MarkObjects: 1.939000 ms  DeleteObjects: 0.025800 ms)

========================================================================
Received Import Request.
  Time since last request: 15.380940 seconds.
  path: Assets/Code/WorldGeneration/(DEPRECATED)NewGameManager.cs
  artifactKey: Guid(95e49f71fff944a4c90f17b37cc2796d) Importer(815301076,1909f56bfc062723c751e8b465ee728b)
Start importing Assets/Code/WorldGeneration/(DEPRECATED)NewGameManager.cs using Guid(95e49f71fff944a4c90f17b37cc2796d) Importer(815301076,1909f56bfc062723c751e8b465ee728b)  -> (artifact id: 'af5ea53dd3d8afc62466db21e2fd8eb9') in 0.011442 seconds
  Import took 0.014306 seconds .

========================================================================
Received Import Request.
  Time since last request: 0.002996 seconds.
  path: Assets/Code/WorldGeneration/(DEPRECATED)NewGameManager.cs
  artifactKey: Guid(95e49f71fff944a4c90f17b37cc2796d) Importer(815301076,1909f56bfc062723c751e8b465ee728b)
Start importing Assets/Code/WorldGeneration/(DEPRECATED)NewGameManager.cs using Guid(95e49f71fff944a4c90f17b37cc2796d) Importer(815301076,1909f56bfc062723c751e8b465ee728b)  -> (artifact id: 'af5ea53dd3d8afc62466db21e2fd8eb9') in 0.003971 seconds
  Import took 0.006698 seconds .

========================================================================
Received Prepare
Registering precompiled user dll's ...
Registered in 0.005428 seconds.
Begin MonoManager ReloadAssembly
Native extension for WindowsStandalone target not found
Refreshing native plugins compatible for Editor in 0.37 ms, found 2 plugins.
Preloading 0 native plugins for Editor in 0.00 ms.
Mono: successfully reloaded assembly
- Completed reload, in  1.056 seconds
Platform modules already initialized, skipping
Refreshing native plugins compatible for Editor in 0.40 ms, found 2 plugins.
Preloading 0 native plugins for Editor in 0.00 ms.
Unloading 1357 Unused Serialized files (Serialized files now loaded: 0)
System memory in use before: 68.8 MB.
System memory in use after: 68.9 MB.

Unloading 12 unused Assets to reduce memory usage. Loaded Objects now: 1844.
Total: 1.941600 ms (FindLiveObjects: 0.192300 ms CreateObjectMapping: 0.048000 ms MarkObjects: 1.663400 ms  DeleteObjects: 0.036600 ms)

========================================================================
Received Import Request.
  Time since last request: 5.629685 seconds.
  path: Assets/Code/WorldGeneration/WorldGenerator.cs
  artifactKey: Guid(77c7139ffacd6f640bea989a35c2db25) Importer(815301076,1909f56bfc062723c751e8b465ee728b)
Start importing Assets/Code/WorldGeneration/WorldGenerator.cs using Guid(77c7139ffacd6f640bea989a35c2db25) Importer(815301076,1909f56bfc062723c751e8b465ee728b)  -> (artifact id: '8a928b0a406b782bdfffe34356d5efbf') in 0.008950 seconds
  Import took 0.011444 seconds .

========================================================================
Received Import Request.
  Time since last request: 186.512289 seconds.
  path: Assets/Code/WorldGeneration/(DEPRECATED)GenerateFloorTile.cs
  artifactKey: Guid(1b7b7537eb9f76440b581421e427d879) Importer(815301076,1909f56bfc062723c751e8b465ee728b)
Start importing Assets/Code/WorldGeneration/(DEPRECATED)GenerateFloorTile.cs using Guid(1b7b7537eb9f76440b581421e427d879) Importer(815301076,1909f56bfc062723c751e8b465ee728b)  -> (artifact id: 'd18b3bf9acbb16855b1c75094d3b9afa') in 0.003475 seconds
  Import took 0.008144 seconds .

========================================================================
Received Import Request.
  Time since last request: 0.089892 seconds.
  path: Assets/Code/WorldGeneration/(DEPRECATED)GenerateFloorTile.cs
  artifactKey: Guid(1b7b7537eb9f76440b581421e427d879) Importer(815301076,1909f56bfc062723c751e8b465ee728b)
Start importing Assets/Code/WorldGeneration/(DEPRECATED)GenerateFloorTile.cs using Guid(1b7b7537eb9f76440b581421e427d879) Importer(815301076,1909f56bfc062723c751e8b465ee728b)  -> (artifact id: 'd18b3bf9acbb16855b1c75094d3b9afa') in 0.004269 seconds
  Import took 0.007228 seconds .

========================================================================
Received Prepare
Registering precompiled user dll's ...
Registered in 0.003810 seconds.
Begin MonoManager ReloadAssembly
Native extension for WindowsStandalone target not found
Refreshing native plugins compatible for Editor in 0.54 ms, found 2 plugins.
Preloading 0 native plugins for Editor in 0.00 ms.
Mono: successfully reloaded assembly
- Completed reload, in  1.149 seconds
Platform modules already initialized, skipping
Refreshing native plugins compatible for Editor in 0.59 ms, found 2 plugins.
Preloading 0 native plugins for Editor in 0.00 ms.
Unloading 1357 Unused Serialized files (Serialized files now loaded: 0)
System memory in use before: 68.8 MB.
System memory in use after: 68.9 MB.

Unloading 12 unused Assets to reduce memory usage. Loaded Objects now: 1846.
Total: 2.391300 ms (FindLiveObjects: 0.288700 ms CreateObjectMapping: 0.061900 ms MarkObjects: 2.016600 ms  DeleteObjects: 0.021800 ms)

========================================================================
Received Prepare
Registering precompiled user dll's ...
Registered in 0.003518 seconds.
Begin MonoManager ReloadAssembly
Native extension for WindowsStandalone target not found
Refreshing native plugins compatible for Editor in 0.39 ms, found 2 plugins.
Preloading 0 native plugins for Editor in 0.00 ms.
Mono: successfully reloaded assembly
- Completed reload, in  1.028 seconds
Platform modules already initialized, skipping
Refreshing native plugins compatible for Editor in 0.44 ms, found 2 plugins.
Preloading 0 native plugins for Editor in 0.00 ms.
Unloading 1357 Unused Serialized files (Serialized files now loaded: 0)
System memory in use before: 68.8 MB.
System memory in use after: 68.9 MB.

Unloading 12 unused Assets to reduce memory usage. Loaded Objects now: 1848.
Total: 2.520700 ms (FindLiveObjects: 0.193300 ms CreateObjectMapping: 0.057500 ms MarkObjects: 2.239400 ms  DeleteObjects: 0.029000 ms)

========================================================================
Received Import Request.
  Time since last request: 98.100743 seconds.
  path: Assets/Scenes/WorldGenPlayground.unity
  artifactKey: Guid(62534d50817825a45bb7c807fdfedd0d) Importer(815301076,1909f56bfc062723c751e8b465ee728b)
Start importing Assets/Scenes/WorldGenPlayground.unity using Guid(62534d50817825a45bb7c807fdfedd0d) Importer(815301076,1909f56bfc062723c751e8b465ee728b)  -> (artifact id: '8455b78d4ad08a23b39e09ba049ab23d') in 0.023323 seconds
  Import took 0.026650 seconds .

========================================================================
Received Prepare
Registering precompiled user dll's ...
Registered in 0.003597 seconds.
Begin MonoManager ReloadAssembly
Native extension for WindowsStandalone target not found
Refreshing native plugins compatible for Editor in 0.60 ms, found 2 plugins.
Preloading 0 native plugins for Editor in 0.00 ms.
Mono: successfully reloaded assembly
- Completed reload, in  1.035 seconds
Platform modules already initialized, skipping
Refreshing native plugins compatible for Editor in 0.46 ms, found 2 plugins.
Preloading 0 native plugins for Editor in 0.00 ms.
Unloading 1357 Unused Serialized files (Serialized files now loaded: 0)
System memory in use before: 68.8 MB.
System memory in use after: 68.9 MB.

Unloading 12 unused Assets to reduce memory usage. Loaded Objects now: 1850.
Total: 2.129100 ms (FindLiveObjects: 0.201500 ms CreateObjectMapping: 0.046100 ms MarkObjects: 1.846900 ms  DeleteObjects: 0.033100 ms)

