Using pre-set license
Built from '2020.3/release' branch; Version is '2020.3.7f1 (dd97f2c94397) revision 14522354'; Using compiler version '192528614'; Build Type 'Release'
OS: 'Windows 10 Pro; OS build 19042.1165; Version 2009; 64bit' Language: 'de' Physical Memory: 16327 MB
BatchMode: 1, IsHumanControllingUs: 0, StartBugReporterOnCrash: 0, Is64bit: 1, IsPro: 0

 COMMAND LINE ARGUMENTS:
C:\Program Files\Unity\Hub\Editor\2020.3.7f1\Editor\Unity.exe
-adb2
-batchMode
-noUpm
-name
AssetImportWorker0
-projectPath
C:/Users/Max/Documents/GitHub/Unity-Minigolf/Unity_Minigolf
-logFile
Logs/AssetImportWorker0.log
-srvPort
57317
Successfully changed project path to: C:/Users/Max/Documents/GitHub/Unity-Minigolf/Unity_Minigolf
C:/Users/Max/Documents/GitHub/Unity-Minigolf/Unity_Minigolf
Using Asset Import Pipeline V2.
Refreshing native plugins compatible for Editor in 28.91 ms, found 2 plugins.
Preloading 0 native plugins for Editor in 0.00 ms.
Initialize engine version: 2020.3.7f1 (dd97f2c94397)
[Subsystems] Discovering subsystems at path C:/Program Files/Unity/Hub/Editor/2020.3.7f1/Editor/Data/Resources/UnitySubsystems
[Subsystems] Discovering subsystems at path C:/Users/Max/Documents/GitHub/Unity-Minigolf/Unity_Minigolf/Assets
GfxDevice: creating device client; threaded=0
Direct3D:
    Version:  Direct3D 11.0 [level 11.0]
    Renderer: NVIDIA GeForce GTX TITAN (ID=0x1005)
    Vendor:   
    VRAM:     6096 MB
    Driver:   30.0.14.7168
Initialize mono
Mono path[0] = 'C:/Program Files/Unity/Hub/Editor/2020.3.7f1/Editor/Data/Managed'
Mono path[1] = 'C:/Program Files/Unity/Hub/Editor/2020.3.7f1/Editor/Data/MonoBleedingEdge/lib/mono/unityjit'
Mono config path = 'C:/Program Files/Unity/Hub/Editor/2020.3.7f1/Editor/Data/MonoBleedingEdge/etc'
Using monoOptions --debugger-agent=transport=dt_socket,embedding=1,server=y,suspend=n,address=127.0.0.1:56108
Begin MonoManager ReloadAssembly
Registering precompiled unity dll's ...
Register platform support module: C:/Program Files/Unity/Hub/Editor/2020.3.7f1/Editor/Data/PlaybackEngines/WindowsStandaloneSupport/UnityEditor.WindowsStandalone.Extensions.dll
Registered in 0.003559 seconds.
Native extension for WindowsStandalone target not found
Refreshing native plugins compatible for Editor in 28.70 ms, found 2 plugins.
Preloading 0 native plugins for Editor in 0.00 ms.
Mono: successfully reloaded assembly
- Completed reload, in  1.177 seconds
Platform modules already initialized, skipping
Registering precompiled user dll's ...
Registered in 0.005156 seconds.
Begin MonoManager ReloadAssembly
Native extension for WindowsStandalone target not found
Refreshing native plugins compatible for Editor in 0.35 ms, found 2 plugins.
Preloading 0 native plugins for Editor in 0.00 ms.
Mono: successfully reloaded assembly
- Completed reload, in  1.091 seconds
Platform modules already initialized, skipping
========================================================================
Worker process is ready to serve import requests
Launched and connected shader compiler UnityShaderCompiler.exe after 0.04 seconds
Refreshing native plugins compatible for Editor in 0.35 ms, found 2 plugins.
Preloading 0 native plugins for Editor in 0.00 ms.
Unloading 1387 Unused Serialized files (Serialized files now loaded: 0)
System memory in use before: 67.1 MB.
System memory in use after: 67.2 MB.

Unloading 17 unused Assets to reduce memory usage. Loaded Objects now: 1824.
Total: 2.275000 ms (FindLiveObjects: 0.152400 ms CreateObjectMapping: 0.052900 ms MarkObjects: 1.971500 ms  DeleteObjects: 0.097200 ms)

========================================================================
Received Import Request.
  path: Assets/Prefabs/UI/button_yes.prefab
  artifactKey: Guid(71d2195aa6591b14c8552dc8d8cd2e7c) Importer(815301076,1909f56bfc062723c751e8b465ee728b)
Start importing Assets/Prefabs/UI/button_yes.prefab using Guid(71d2195aa6591b14c8552dc8d8cd2e7c) Importer(815301076,1909f56bfc062723c751e8b465ee728b)  -> (artifact id: '32dc7fcd657f962b25cbc0818752186e') in 0.065826 seconds
  Import took 0.068449 seconds .

========================================================================
Received Import Request.
  Time since last request: 0.000308 seconds.
  path: Assets/Prefabs/UI/answers.prefab
  artifactKey: Guid(5cd19926440547945abf64a7fb467ae7) Importer(815301076,1909f56bfc062723c751e8b465ee728b)
Start importing Assets/Prefabs/UI/answers.prefab using Guid(5cd19926440547945abf64a7fb467ae7) Importer(815301076,1909f56bfc062723c751e8b465ee728b)  -> (artifact id: '713a77b06930c1416495777e59215e97') in 0.010371 seconds
  Import took 0.013286 seconds .

========================================================================
Received Import Request.
  Time since last request: 0.000269 seconds.
  path: Assets/Prefabs/UI/button_no.prefab
  artifactKey: Guid(4c60f25c7e3f1244190cee45f242807c) Importer(815301076,1909f56bfc062723c751e8b465ee728b)
Start importing Assets/Prefabs/UI/button_no.prefab using Guid(4c60f25c7e3f1244190cee45f242807c) Importer(815301076,1909f56bfc062723c751e8b465ee728b)  -> (artifact id: '62788ae90b187262296902e843a05528') in 0.010570 seconds
  Import took 0.013838 seconds .

========================================================================
Received Prepare
Registering precompiled user dll's ...
Registered in 0.004839 seconds.
Begin MonoManager ReloadAssembly
Native extension for WindowsStandalone target not found
Refreshing native plugins compatible for Editor in 0.34 ms, found 2 plugins.
Preloading 0 native plugins for Editor in 0.00 ms.
Mono: successfully reloaded assembly
- Completed reload, in  1.061 seconds
Platform modules already initialized, skipping
Refreshing native plugins compatible for Editor in 0.35 ms, found 2 plugins.
Preloading 0 native plugins for Editor in 0.00 ms.
Unloading 1368 Unused Serialized files (Serialized files now loaded: 0)
System memory in use before: 65.8 MB.
System memory in use after: 65.9 MB.

Unloading 14 unused Assets to reduce memory usage. Loaded Objects now: 1828.
Total: 1.852100 ms (FindLiveObjects: 0.168900 ms CreateObjectMapping: 0.049700 ms MarkObjects: 1.585000 ms  DeleteObjects: 0.047200 ms)

========================================================================
Received Prepare
Registering precompiled user dll's ...
Registered in 0.004930 seconds.
Begin MonoManager ReloadAssembly
Native extension for WindowsStandalone target not found
Refreshing native plugins compatible for Editor in 0.43 ms, found 2 plugins.
Preloading 0 native plugins for Editor in 0.00 ms.
Mono: successfully reloaded assembly
- Completed reload, in  1.052 seconds
Platform modules already initialized, skipping
Refreshing native plugins compatible for Editor in 0.36 ms, found 2 plugins.
Preloading 0 native plugins for Editor in 0.00 ms.
Unloading 1368 Unused Serialized files (Serialized files now loaded: 0)
System memory in use before: 65.8 MB.
System memory in use after: 65.9 MB.

Unloading 12 unused Assets to reduce memory usage. Loaded Objects now: 1830.
Total: 2.526800 ms (FindLiveObjects: 0.190000 ms CreateObjectMapping: 0.049500 ms MarkObjects: 2.263000 ms  DeleteObjects: 0.022900 ms)

========================================================================
Received Prepare
Registering precompiled user dll's ...
Registered in 0.004691 seconds.
Begin MonoManager ReloadAssembly
Native extension for WindowsStandalone target not found
Refreshing native plugins compatible for Editor in 0.48 ms, found 2 plugins.
Preloading 0 native plugins for Editor in 0.00 ms.
Mono: successfully reloaded assembly
- Completed reload, in  1.054 seconds
Platform modules already initialized, skipping
Refreshing native plugins compatible for Editor in 0.40 ms, found 2 plugins.
Preloading 0 native plugins for Editor in 0.00 ms.
Unloading 1368 Unused Serialized files (Serialized files now loaded: 0)
System memory in use before: 65.8 MB.
System memory in use after: 65.9 MB.

Unloading 12 unused Assets to reduce memory usage. Loaded Objects now: 1832.
Total: 1.942800 ms (FindLiveObjects: 0.154700 ms CreateObjectMapping: 0.047900 ms MarkObjects: 1.710000 ms  DeleteObjects: 0.029000 ms)

========================================================================
Received Prepare
Registering precompiled user dll's ...
Registered in 0.005204 seconds.
Begin MonoManager ReloadAssembly
Native extension for WindowsStandalone target not found
Refreshing native plugins compatible for Editor in 0.48 ms, found 2 plugins.
Preloading 0 native plugins for Editor in 0.00 ms.
Mono: successfully reloaded assembly
- Completed reload, in  1.068 seconds
Platform modules already initialized, skipping
Refreshing native plugins compatible for Editor in 0.40 ms, found 2 plugins.
Preloading 0 native plugins for Editor in 0.00 ms.
Unloading 1368 Unused Serialized files (Serialized files now loaded: 0)
System memory in use before: 65.8 MB.
System memory in use after: 65.9 MB.

Unloading 12 unused Assets to reduce memory usage. Loaded Objects now: 1834.
Total: 2.384800 ms (FindLiveObjects: 0.227700 ms CreateObjectMapping: 0.053000 ms MarkObjects: 2.078100 ms  DeleteObjects: 0.024900 ms)

========================================================================
Received Prepare
Registering precompiled user dll's ...
Registered in 0.005758 seconds.
Begin MonoManager ReloadAssembly
Native extension for WindowsStandalone target not found
Refreshing native plugins compatible for Editor in 0.40 ms, found 2 plugins.
Preloading 0 native plugins for Editor in 0.00 ms.
Mono: successfully reloaded assembly
- Completed reload, in  1.036 seconds
Platform modules already initialized, skipping
Refreshing native plugins compatible for Editor in 0.35 ms, found 2 plugins.
Preloading 0 native plugins for Editor in 0.00 ms.
Unloading 1368 Unused Serialized files (Serialized files now loaded: 0)
System memory in use before: 65.8 MB.
System memory in use after: 65.9 MB.

Unloading 12 unused Assets to reduce memory usage. Loaded Objects now: 1836.
Total: 1.940700 ms (FindLiveObjects: 0.164600 ms CreateObjectMapping: 0.048000 ms MarkObjects: 1.699600 ms  DeleteObjects: 0.027300 ms)

========================================================================
Received Prepare
Registering precompiled user dll's ...
Registered in 0.006238 seconds.
Begin MonoManager ReloadAssembly
Native extension for WindowsStandalone target not found
Refreshing native plugins compatible for Editor in 0.40 ms, found 2 plugins.
Preloading 0 native plugins for Editor in 0.00 ms.
Mono: successfully reloaded assembly
- Completed reload, in  1.086 seconds
Platform modules already initialized, skipping
Refreshing native plugins compatible for Editor in 0.38 ms, found 2 plugins.
Preloading 0 native plugins for Editor in 0.00 ms.
Unloading 1368 Unused Serialized files (Serialized files now loaded: 0)
System memory in use before: 65.8 MB.
System memory in use after: 65.9 MB.

Unloading 12 unused Assets to reduce memory usage. Loaded Objects now: 1838.
Total: 3.480500 ms (FindLiveObjects: 0.273400 ms CreateObjectMapping: 0.075000 ms MarkObjects: 3.100500 ms  DeleteObjects: 0.029800 ms)

========================================================================
Received Prepare
Registering precompiled user dll's ...
Registered in 0.004777 seconds.
Begin MonoManager ReloadAssembly
Native extension for WindowsStandalone target not found
Refreshing native plugins compatible for Editor in 0.35 ms, found 2 plugins.
Preloading 0 native plugins for Editor in 0.00 ms.
Mono: successfully reloaded assembly
- Completed reload, in  1.092 seconds
Platform modules already initialized, skipping
Refreshing native plugins compatible for Editor in 0.54 ms, found 2 plugins.
Preloading 0 native plugins for Editor in 0.00 ms.
Unloading 1368 Unused Serialized files (Serialized files now loaded: 0)
System memory in use before: 65.8 MB.
System memory in use after: 65.9 MB.

Unloading 12 unused Assets to reduce memory usage. Loaded Objects now: 1840.
Total: 2.183900 ms (FindLiveObjects: 0.162600 ms CreateObjectMapping: 0.065900 ms MarkObjects: 1.926300 ms  DeleteObjects: 0.027700 ms)

========================================================================
Received Prepare
Registering precompiled user dll's ...
Registered in 0.004849 seconds.
Begin MonoManager ReloadAssembly
Native extension for WindowsStandalone target not found
Refreshing native plugins compatible for Editor in 0.41 ms, found 2 plugins.
Preloading 0 native plugins for Editor in 0.00 ms.
Mono: successfully reloaded assembly
- Completed reload, in  1.171 seconds
Platform modules already initialized, skipping
Refreshing native plugins compatible for Editor in 0.37 ms, found 2 plugins.
Preloading 0 native plugins for Editor in 0.00 ms.
Unloading 1368 Unused Serialized files (Serialized files now loaded: 0)
System memory in use before: 65.8 MB.
System memory in use after: 65.9 MB.

Unloading 12 unused Assets to reduce memory usage. Loaded Objects now: 1842.
Total: 3.478700 ms (FindLiveObjects: 0.475700 ms CreateObjectMapping: 0.176600 ms MarkObjects: 2.787800 ms  DeleteObjects: 0.035600 ms)

========================================================================
Received Prepare
Registering precompiled user dll's ...
Registered in 0.004481 seconds.
Begin MonoManager ReloadAssembly
Native extension for WindowsStandalone target not found
Refreshing native plugins compatible for Editor in 0.36 ms, found 2 plugins.
Preloading 0 native plugins for Editor in 0.00 ms.
Mono: successfully reloaded assembly
- Completed reload, in  1.037 seconds
Platform modules already initialized, skipping
Refreshing native plugins compatible for Editor in 0.38 ms, found 2 plugins.
Preloading 0 native plugins for Editor in 0.00 ms.
Unloading 1368 Unused Serialized files (Serialized files now loaded: 0)
System memory in use before: 65.8 MB.
System memory in use after: 65.9 MB.

Unloading 12 unused Assets to reduce memory usage. Loaded Objects now: 1844.
Total: 2.242800 ms (FindLiveObjects: 0.227300 ms CreateObjectMapping: 0.089100 ms MarkObjects: 1.893300 ms  DeleteObjects: 0.032100 ms)

========================================================================
Received Prepare
Registering precompiled user dll's ...
Registered in 0.006474 seconds.
Begin MonoManager ReloadAssembly
Native extension for WindowsStandalone target not found
Refreshing native plugins compatible for Editor in 0.43 ms, found 2 plugins.
Preloading 0 native plugins for Editor in 0.00 ms.
Mono: successfully reloaded assembly
- Completed reload, in  1.047 seconds
Platform modules already initialized, skipping
Refreshing native plugins compatible for Editor in 0.59 ms, found 2 plugins.
Preloading 0 native plugins for Editor in 0.00 ms.
Unloading 1368 Unused Serialized files (Serialized files now loaded: 0)
System memory in use before: 65.8 MB.
System memory in use after: 66.0 MB.

Unloading 12 unused Assets to reduce memory usage. Loaded Objects now: 1846.
Total: 4.442700 ms (FindLiveObjects: 0.265200 ms CreateObjectMapping: 0.071400 ms MarkObjects: 4.040500 ms  DeleteObjects: 0.062900 ms)

========================================================================
Received Prepare
Registering precompiled user dll's ...
Registered in 0.004662 seconds.
Begin MonoManager ReloadAssembly
Native extension for WindowsStandalone target not found
Refreshing native plugins compatible for Editor in 0.38 ms, found 2 plugins.
Preloading 0 native plugins for Editor in 0.00 ms.
Mono: successfully reloaded assembly
- Completed reload, in  1.034 seconds
Platform modules already initialized, skipping
Refreshing native plugins compatible for Editor in 0.38 ms, found 2 plugins.
Preloading 0 native plugins for Editor in 0.00 ms.
Unloading 1368 Unused Serialized files (Serialized files now loaded: 0)
System memory in use before: 65.9 MB.
System memory in use after: 66.0 MB.

Unloading 12 unused Assets to reduce memory usage. Loaded Objects now: 1848.
Total: 2.193300 ms (FindLiveObjects: 0.243400 ms CreateObjectMapping: 0.061400 ms MarkObjects: 1.846400 ms  DeleteObjects: 0.040900 ms)

========================================================================
Received Prepare
Registering precompiled user dll's ...
Registered in 0.005169 seconds.
Begin MonoManager ReloadAssembly
Loading assembly failed: "Library/ScriptAssemblies/Assembly-CSharp.dll"

Native extension for WindowsStandalone target not found
Refreshing native plugins compatible for Editor in 0.36 ms, found 2 plugins.
Preloading 0 native plugins for Editor in 0.00 ms.
Mono: successfully reloaded assembly
- Completed reload, in  1.116 seconds
Platform modules already initialized, skipping
Assertion failed on expression: 'reloadOk'

Refreshing native plugins compatible for Editor in 0.36 ms, found 2 plugins.
Preloading 0 native plugins for Editor in 0.00 ms.
Unloading 1368 Unused Serialized files (Serialized files now loaded: 0)
System memory in use before: 66.0 MB.
System memory in use after: 66.1 MB.

Unloading 12 unused Assets to reduce memory usage. Loaded Objects now: 1850.
Total: 1.956200 ms (FindLiveObjects: 0.200600 ms CreateObjectMapping: 0.049100 ms MarkObjects: 1.682300 ms  DeleteObjects: 0.022600 ms)

========================================================================
Received Prepare
Registering precompiled user dll's ...
Registered in 0.004948 seconds.
Begin MonoManager ReloadAssembly
Native extension for WindowsStandalone target not found
Refreshing native plugins compatible for Editor in 0.39 ms, found 2 plugins.
Preloading 0 native plugins for Editor in 0.00 ms.
Mono: successfully reloaded assembly
- Completed reload, in  1.117 seconds
Platform modules already initialized, skipping
Refreshing native plugins compatible for Editor in 0.40 ms, found 2 plugins.
Preloading 0 native plugins for Editor in 0.00 ms.
Unloading 1368 Unused Serialized files (Serialized files now loaded: 0)
System memory in use before: 66.0 MB.
System memory in use after: 66.1 MB.

Unloading 12 unused Assets to reduce memory usage. Loaded Objects now: 1852.
Total: 2.223500 ms (FindLiveObjects: 0.214000 ms CreateObjectMapping: 0.089100 ms MarkObjects: 1.887300 ms  DeleteObjects: 0.031800 ms)

========================================================================
Received Prepare
Registering precompiled user dll's ...
Registered in 0.005682 seconds.
Begin MonoManager ReloadAssembly
Native extension for WindowsStandalone target not found
Refreshing native plugins compatible for Editor in 0.38 ms, found 2 plugins.
Preloading 0 native plugins for Editor in 0.00 ms.
Mono: successfully reloaded assembly
- Completed reload, in  1.161 seconds
Platform modules already initialized, skipping
Refreshing native plugins compatible for Editor in 0.33 ms, found 2 plugins.
Preloading 0 native plugins for Editor in 0.00 ms.
Unloading 1368 Unused Serialized files (Serialized files now loaded: 0)
System memory in use before: 66.0 MB.
System memory in use after: 66.1 MB.

Unloading 12 unused Assets to reduce memory usage. Loaded Objects now: 1854.
Total: 2.235100 ms (FindLiveObjects: 0.260200 ms CreateObjectMapping: 0.065000 ms MarkObjects: 1.878500 ms  DeleteObjects: 0.030300 ms)

========================================================================
Received Prepare
Registering precompiled user dll's ...
Registered in 0.006663 seconds.
Begin MonoManager ReloadAssembly
Native extension for WindowsStandalone target not found
Refreshing native plugins compatible for Editor in 0.43 ms, found 2 plugins.
Preloading 0 native plugins for Editor in 0.00 ms.
Mono: successfully reloaded assembly
- Completed reload, in  1.136 seconds
Platform modules already initialized, skipping
Refreshing native plugins compatible for Editor in 0.34 ms, found 2 plugins.
Preloading 0 native plugins for Editor in 0.00 ms.
Unloading 1368 Unused Serialized files (Serialized files now loaded: 0)
System memory in use before: 66.0 MB.
System memory in use after: 66.1 MB.

Unloading 12 unused Assets to reduce memory usage. Loaded Objects now: 1856.
Total: 2.365100 ms (FindLiveObjects: 0.166500 ms CreateObjectMapping: 0.056100 ms MarkObjects: 2.107500 ms  DeleteObjects: 0.034100 ms)

========================================================================
Received Prepare
Registering precompiled user dll's ...
Registered in 0.005219 seconds.
Begin MonoManager ReloadAssembly
Native extension for WindowsStandalone target not found
Refreshing native plugins compatible for Editor in 0.35 ms, found 2 plugins.
Preloading 0 native plugins for Editor in 0.00 ms.
Mono: successfully reloaded assembly
- Completed reload, in  1.059 seconds
Platform modules already initialized, skipping
Refreshing native plugins compatible for Editor in 0.36 ms, found 2 plugins.
Preloading 0 native plugins for Editor in 0.00 ms.
Unloading 1368 Unused Serialized files (Serialized files now loaded: 0)
System memory in use before: 66.0 MB.
System memory in use after: 66.1 MB.

Unloading 12 unused Assets to reduce memory usage. Loaded Objects now: 1858.
Total: 2.489900 ms (FindLiveObjects: 0.197000 ms CreateObjectMapping: 0.049600 ms MarkObjects: 2.209400 ms  DeleteObjects: 0.032800 ms)

========================================================================
Received Prepare
Registering precompiled user dll's ...
Registered in 0.004941 seconds.
Begin MonoManager ReloadAssembly
Native extension for WindowsStandalone target not found
Refreshing native plugins compatible for Editor in 0.36 ms, found 2 plugins.
Preloading 0 native plugins for Editor in 0.00 ms.
Mono: successfully reloaded assembly
- Completed reload, in  1.098 seconds
Platform modules already initialized, skipping
Refreshing native plugins compatible for Editor in 0.41 ms, found 2 plugins.
Preloading 0 native plugins for Editor in 0.00 ms.
Unloading 1368 Unused Serialized files (Serialized files now loaded: 0)
System memory in use before: 66.0 MB.
System memory in use after: 66.1 MB.

Unloading 12 unused Assets to reduce memory usage. Loaded Objects now: 1860.
Total: 2.336400 ms (FindLiveObjects: 0.224000 ms CreateObjectMapping: 0.087600 ms MarkObjects: 1.992700 ms  DeleteObjects: 0.031100 ms)

========================================================================
Received Prepare
Registering precompiled user dll's ...
Registered in 0.004744 seconds.
Begin MonoManager ReloadAssembly
Native extension for WindowsStandalone target not found
Refreshing native plugins compatible for Editor in 0.36 ms, found 2 plugins.
Preloading 0 native plugins for Editor in 0.00 ms.
Mono: successfully reloaded assembly
- Completed reload, in  1.017 seconds
Platform modules already initialized, skipping
Refreshing native plugins compatible for Editor in 0.37 ms, found 2 plugins.
Preloading 0 native plugins for Editor in 0.00 ms.
Unloading 1368 Unused Serialized files (Serialized files now loaded: 0)
System memory in use before: 66.0 MB.
System memory in use after: 66.1 MB.

Unloading 12 unused Assets to reduce memory usage. Loaded Objects now: 1862.
Total: 3.323900 ms (FindLiveObjects: 0.332900 ms CreateObjectMapping: 0.146500 ms MarkObjects: 2.822900 ms  DeleteObjects: 0.020300 ms)

========================================================================
Received Prepare
Registering precompiled user dll's ...
Registered in 0.005670 seconds.
Begin MonoManager ReloadAssembly
Native extension for WindowsStandalone target not found
Refreshing native plugins compatible for Editor in 0.36 ms, found 2 plugins.
Preloading 0 native plugins for Editor in 0.00 ms.
Mono: successfully reloaded assembly
- Completed reload, in  1.054 seconds
Platform modules already initialized, skipping
Refreshing native plugins compatible for Editor in 0.40 ms, found 2 plugins.
Preloading 0 native plugins for Editor in 0.00 ms.
Unloading 1368 Unused Serialized files (Serialized files now loaded: 0)
System memory in use before: 66.0 MB.
System memory in use after: 66.1 MB.

Unloading 12 unused Assets to reduce memory usage. Loaded Objects now: 1864.
Total: 2.660900 ms (FindLiveObjects: 0.249700 ms CreateObjectMapping: 0.059300 ms MarkObjects: 2.321300 ms  DeleteObjects: 0.029400 ms)

========================================================================
Received Prepare
Registering precompiled user dll's ...
Registered in 0.004665 seconds.
Begin MonoManager ReloadAssembly
Native extension for WindowsStandalone target not found
Refreshing native plugins compatible for Editor in 0.34 ms, found 2 plugins.
Preloading 0 native plugins for Editor in 0.00 ms.
Mono: successfully reloaded assembly
- Completed reload, in  1.007 seconds
Platform modules already initialized, skipping
Refreshing native plugins compatible for Editor in 0.36 ms, found 2 plugins.
Preloading 0 native plugins for Editor in 0.00 ms.
Unloading 1368 Unused Serialized files (Serialized files now loaded: 0)
System memory in use before: 66.0 MB.
System memory in use after: 66.1 MB.

Unloading 12 unused Assets to reduce memory usage. Loaded Objects now: 1866.
Total: 2.556500 ms (FindLiveObjects: 0.161800 ms CreateObjectMapping: 0.049500 ms MarkObjects: 2.302000 ms  DeleteObjects: 0.042300 ms)

========================================================================
Received Import Request.
  Time since last request: 1420.486411 seconds.
  path: Assets/Code/Obstacles/Obstacle.cs
  artifactKey: Guid(d85461165eefb2c4ead1f56576fdbe71) Importer(815301076,1909f56bfc062723c751e8b465ee728b)
Start importing Assets/Code/Obstacles/Obstacle.cs using Guid(d85461165eefb2c4ead1f56576fdbe71) Importer(815301076,1909f56bfc062723c751e8b465ee728b)  -> (artifact id: '7ba30585a543c39151f7c22780599920') in 0.014679 seconds
  Import took 0.017623 seconds .

========================================================================
Received Import Request.
  Time since last request: 0.002330 seconds.
  path: Assets/Code/Obstacles/Obstacle.cs
  artifactKey: Guid(d85461165eefb2c4ead1f56576fdbe71) Importer(815301076,1909f56bfc062723c751e8b465ee728b)
Start importing Assets/Code/Obstacles/Obstacle.cs using Guid(d85461165eefb2c4ead1f56576fdbe71) Importer(815301076,1909f56bfc062723c751e8b465ee728b)  -> (artifact id: '7ba30585a543c39151f7c22780599920') in 0.003116 seconds
  Import took 0.005979 seconds .

========================================================================
Received Import Request.
  Time since last request: 2.561222 seconds.
  path: Assets/Assets/Player/Basketball.prefab
  artifactKey: Guid(104b25469f472054683a9bb3bb30ce49) Importer(815301076,1909f56bfc062723c751e8b465ee728b)
Start importing Assets/Assets/Player/Basketball.prefab using Guid(104b25469f472054683a9bb3bb30ce49) Importer(815301076,1909f56bfc062723c751e8b465ee728b)  -> (artifact id: 'f3070024f9df21beb3e20c36f1642104') in 0.096844 seconds
  Import took 0.100259 seconds .

========================================================================
Received Import Request.
  Time since last request: 0.000247 seconds.
  path: Assets/Assets/Player/golfball.prefab
  artifactKey: Guid(de9aa9190ac447640bf668ca6136e33e) Importer(815301076,1909f56bfc062723c751e8b465ee728b)
Start importing Assets/Assets/Player/golfball.prefab using Guid(de9aa9190ac447640bf668ca6136e33e) Importer(815301076,1909f56bfc062723c751e8b465ee728b)  -> (artifact id: '6bd188b0b25fc10717a091a59701985f') in 0.095056 seconds
  Import took 0.099344 seconds .

========================================================================
Received Import Request.
  Time since last request: 0.000233 seconds.
  path: Assets/Assets/Player/TennisBall.prefab
  artifactKey: Guid(b3a58b6683dec3746acadf0d06877cd3) Importer(815301076,1909f56bfc062723c751e8b465ee728b)
Start importing Assets/Assets/Player/TennisBall.prefab using Guid(b3a58b6683dec3746acadf0d06877cd3) Importer(815301076,1909f56bfc062723c751e8b465ee728b)  -> (artifact id: 'b430afb6c6af43004793432aca1936c8') in 0.019980 seconds
  Import took 0.023592 seconds .

========================================================================
Received Import Request.
  Time since last request: 0.000240 seconds.
  path: Assets/Assets/Player/Cheese.prefab
  artifactKey: Guid(8e8448d027279de4c9e8e082fa71cb96) Importer(815301076,1909f56bfc062723c751e8b465ee728b)
Start importing Assets/Assets/Player/Cheese.prefab using Guid(8e8448d027279de4c9e8e082fa71cb96) Importer(815301076,1909f56bfc062723c751e8b465ee728b)  -> (artifact id: '3664275db4330f1d4367cb2e47c9fb7c') in 0.016218 seconds
  Import took 0.020001 seconds .

========================================================================
Received Import Request.
  Time since last request: 0.000276 seconds.
  path: Assets/Assets/Player/Watermelon.prefab
  artifactKey: Guid(8366310137eb2e84d983e1a1ae1bdf07) Importer(815301076,1909f56bfc062723c751e8b465ee728b)
Start importing Assets/Assets/Player/Watermelon.prefab using Guid(8366310137eb2e84d983e1a1ae1bdf07) Importer(815301076,1909f56bfc062723c751e8b465ee728b)  -> (artifact id: 'b5dc33a236e397c349fc7fe1ef032fe8') in 0.017040 seconds
  Import took 0.020134 seconds .

========================================================================
Received Import Request.
  Time since last request: 0.000226 seconds.
  path: Assets/Assets/Player/Football.prefab
  artifactKey: Guid(6cbe2bbdf5d1020449d1fca0ed993c70) Importer(815301076,1909f56bfc062723c751e8b465ee728b)
Start importing Assets/Assets/Player/Football.prefab using Guid(6cbe2bbdf5d1020449d1fca0ed993c70) Importer(815301076,1909f56bfc062723c751e8b465ee728b)  -> (artifact id: 'c5b1a1a1d417385960429b84a017fd8a') in 0.021122 seconds
  Import took 0.024522 seconds .

========================================================================
Received Import Request.
  Time since last request: 10.886319 seconds.
  path: Assets/Prefabs/Obstacle.prefab
  artifactKey: Guid(b54f0dfee5ef7254198e9219b536df58) Importer(815301076,1909f56bfc062723c751e8b465ee728b)
Start importing Assets/Prefabs/Obstacle.prefab using Guid(b54f0dfee5ef7254198e9219b536df58) Importer(815301076,1909f56bfc062723c751e8b465ee728b)  -> (artifact id: '0698a0b6a580e38adc3a015614f270ff') in 0.016161 seconds
  Import took 0.019572 seconds .

========================================================================
Received Import Request.
  Time since last request: 0.000276 seconds.
  path: Assets/Prefabs/SceneManager.prefab
  artifactKey: Guid(e56570c69d747864490d7763ab28dc50) Importer(815301076,1909f56bfc062723c751e8b465ee728b)
Start importing Assets/Prefabs/SceneManager.prefab using Guid(e56570c69d747864490d7763ab28dc50) Importer(815301076,1909f56bfc062723c751e8b465ee728b)  -> (artifact id: '1d93e321ca0f0991b4a62ec0051eebe1') in 0.010030 seconds
  Import took 0.013074 seconds .

========================================================================
Received Import Request.
  Time since last request: 0.000344 seconds.
  path: Assets/Prefabs/Pit.prefab
  artifactKey: Guid(86564956ab19c914eb544681779e3188) Importer(815301076,1909f56bfc062723c751e8b465ee728b)
Start importing Assets/Prefabs/Pit.prefab using Guid(86564956ab19c914eb544681779e3188) Importer(815301076,1909f56bfc062723c751e8b465ee728b)  -> (artifact id: '8bda9bf8d3dadcd1cb8bd480d8573568') in 0.059576 seconds
  Import took 0.064710 seconds .

========================================================================
Received Prepare
Registering precompiled user dll's ...
Registered in 0.005110 seconds.
Begin MonoManager ReloadAssembly
Native extension for WindowsStandalone target not found
Refreshing native plugins compatible for Editor in 0.44 ms, found 2 plugins.
Preloading 0 native plugins for Editor in 0.00 ms.
Mono: successfully reloaded assembly
- Completed reload, in  1.010 seconds
Platform modules already initialized, skipping
Refreshing native plugins compatible for Editor in 0.37 ms, found 2 plugins.
Preloading 0 native plugins for Editor in 0.00 ms.
Unloading 1368 Unused Serialized files (Serialized files now loaded: 0)
System memory in use before: 69.2 MB.
System memory in use after: 69.3 MB.

Unloading 12 unused Assets to reduce memory usage. Loaded Objects now: 1877.
Total: 2.234700 ms (FindLiveObjects: 0.184300 ms CreateObjectMapping: 0.082500 ms MarkObjects: 1.919200 ms  DeleteObjects: 0.030200 ms)

========================================================================
Received Prepare
Registering precompiled user dll's ...
Registered in 0.005189 seconds.
Begin MonoManager ReloadAssembly
Native extension for WindowsStandalone target not found
Refreshing native plugins compatible for Editor in 0.43 ms, found 2 plugins.
Preloading 0 native plugins for Editor in 0.00 ms.
Mono: successfully reloaded assembly
- Completed reload, in  1.088 seconds
Platform modules already initialized, skipping
Refreshing native plugins compatible for Editor in 0.35 ms, found 2 plugins.
Preloading 0 native plugins for Editor in 0.00 ms.
Unloading 1368 Unused Serialized files (Serialized files now loaded: 0)
System memory in use before: 69.2 MB.
System memory in use after: 69.3 MB.

Unloading 12 unused Assets to reduce memory usage. Loaded Objects now: 1879.
Total: 2.147200 ms (FindLiveObjects: 0.165300 ms CreateObjectMapping: 0.049500 ms MarkObjects: 1.908000 ms  DeleteObjects: 0.023100 ms)

========================================================================
Received Prepare
Registering precompiled user dll's ...
Registered in 0.006997 seconds.
Begin MonoManager ReloadAssembly
Native extension for WindowsStandalone target not found
Refreshing native plugins compatible for Editor in 0.70 ms, found 2 plugins.
Preloading 0 native plugins for Editor in 0.00 ms.
Mono: successfully reloaded assembly
- Completed reload, in  1.196 seconds
Platform modules already initialized, skipping
Refreshing native plugins compatible for Editor in 0.36 ms, found 2 plugins.
Preloading 0 native plugins for Editor in 0.00 ms.
Unloading 1368 Unused Serialized files (Serialized files now loaded: 0)
System memory in use before: 69.2 MB.
System memory in use after: 69.3 MB.

Unloading 12 unused Assets to reduce memory usage. Loaded Objects now: 1881.
Total: 2.017800 ms (FindLiveObjects: 0.156600 ms CreateObjectMapping: 0.048800 ms MarkObjects: 1.794000 ms  DeleteObjects: 0.017400 ms)

========================================================================
Received Prepare
Registering precompiled user dll's ...
Registered in 0.004805 seconds.
Begin MonoManager ReloadAssembly
Native extension for WindowsStandalone target not found
Refreshing native plugins compatible for Editor in 0.36 ms, found 2 plugins.
Preloading 0 native plugins for Editor in 0.00 ms.
Mono: successfully reloaded assembly
- Completed reload, in  0.962 seconds
Platform modules already initialized, skipping
Refreshing native plugins compatible for Editor in 0.36 ms, found 2 plugins.
Preloading 0 native plugins for Editor in 0.00 ms.
Unloading 1368 Unused Serialized files (Serialized files now loaded: 0)
System memory in use before: 69.2 MB.
System memory in use after: 69.3 MB.

Unloading 12 unused Assets to reduce memory usage. Loaded Objects now: 1883.
Total: 2.501300 ms (FindLiveObjects: 0.352900 ms CreateObjectMapping: 0.153800 ms MarkObjects: 1.970700 ms  DeleteObjects: 0.022300 ms)

========================================================================
Received Prepare
Registering precompiled user dll's ...
Registered in 0.004710 seconds.
Begin MonoManager ReloadAssembly
Native extension for WindowsStandalone target not found
Refreshing native plugins compatible for Editor in 0.42 ms, found 2 plugins.
Preloading 0 native plugins for Editor in 0.00 ms.
Mono: successfully reloaded assembly
- Completed reload, in  1.056 seconds
Platform modules already initialized, skipping
Refreshing native plugins compatible for Editor in 0.43 ms, found 2 plugins.
Preloading 0 native plugins for Editor in 0.00 ms.
Unloading 1368 Unused Serialized files (Serialized files now loaded: 0)
System memory in use before: 69.2 MB.
System memory in use after: 69.3 MB.

Unloading 12 unused Assets to reduce memory usage. Loaded Objects now: 1885.
Total: 2.359600 ms (FindLiveObjects: 0.245500 ms CreateObjectMapping: 0.094300 ms MarkObjects: 1.986200 ms  DeleteObjects: 0.032200 ms)

========================================================================
Received Prepare
Registering precompiled user dll's ...
Registered in 0.006742 seconds.
Begin MonoManager ReloadAssembly
Native extension for WindowsStandalone target not found
Refreshing native plugins compatible for Editor in 0.36 ms, found 2 plugins.
Preloading 0 native plugins for Editor in 0.00 ms.
Mono: successfully reloaded assembly
- Completed reload, in  1.027 seconds
Platform modules already initialized, skipping
Refreshing native plugins compatible for Editor in 0.36 ms, found 2 plugins.
Preloading 0 native plugins for Editor in 0.00 ms.
Unloading 1368 Unused Serialized files (Serialized files now loaded: 0)
System memory in use before: 69.2 MB.
System memory in use after: 69.3 MB.

Unloading 12 unused Assets to reduce memory usage. Loaded Objects now: 1887.
Total: 3.340400 ms (FindLiveObjects: 0.313500 ms CreateObjectMapping: 0.143100 ms MarkObjects: 2.849300 ms  DeleteObjects: 0.032600 ms)

========================================================================
Received Prepare
Registering precompiled user dll's ...
Registered in 0.004586 seconds.
Begin MonoManager ReloadAssembly
Native extension for WindowsStandalone target not found
Refreshing native plugins compatible for Editor in 0.37 ms, found 2 plugins.
Preloading 0 native plugins for Editor in 0.00 ms.
Mono: successfully reloaded assembly
- Completed reload, in  1.119 seconds
Platform modules already initialized, skipping
Refreshing native plugins compatible for Editor in 0.45 ms, found 2 plugins.
Preloading 0 native plugins for Editor in 0.00 ms.
Unloading 1368 Unused Serialized files (Serialized files now loaded: 0)
System memory in use before: 69.2 MB.
System memory in use after: 69.3 MB.

Unloading 12 unused Assets to reduce memory usage. Loaded Objects now: 1889.
Total: 2.362700 ms (FindLiveObjects: 0.192300 ms CreateObjectMapping: 0.058600 ms MarkObjects: 2.069500 ms  DeleteObjects: 0.041100 ms)

========================================================================
Received Prepare
Registering precompiled user dll's ...
Registered in 0.005295 seconds.
Begin MonoManager ReloadAssembly
Native extension for WindowsStandalone target not found
Refreshing native plugins compatible for Editor in 0.39 ms, found 2 plugins.
Preloading 0 native plugins for Editor in 0.00 ms.
Mono: successfully reloaded assembly
- Completed reload, in  1.259 seconds
Platform modules already initialized, skipping
Refreshing native plugins compatible for Editor in 0.61 ms, found 2 plugins.
Preloading 0 native plugins for Editor in 0.00 ms.
Unloading 1368 Unused Serialized files (Serialized files now loaded: 0)
System memory in use before: 69.2 MB.
System memory in use after: 69.3 MB.

Unloading 12 unused Assets to reduce memory usage. Loaded Objects now: 1891.
Total: 2.789200 ms (FindLiveObjects: 0.241700 ms CreateObjectMapping: 0.117600 ms MarkObjects: 2.400700 ms  DeleteObjects: 0.027200 ms)

========================================================================
Received Prepare
Registering precompiled user dll's ...
Registered in 0.004910 seconds.
Begin MonoManager ReloadAssembly
Native extension for WindowsStandalone target not found
Refreshing native plugins compatible for Editor in 0.35 ms, found 2 plugins.
Preloading 0 native plugins for Editor in 0.00 ms.
Mono: successfully reloaded assembly
- Completed reload, in  1.086 seconds
Platform modules already initialized, skipping
Refreshing native plugins compatible for Editor in 0.40 ms, found 2 plugins.
Preloading 0 native plugins for Editor in 0.00 ms.
Unloading 1368 Unused Serialized files (Serialized files now loaded: 0)
System memory in use before: 69.2 MB.
System memory in use after: 69.3 MB.

Unloading 12 unused Assets to reduce memory usage. Loaded Objects now: 1893.
Total: 2.215400 ms (FindLiveObjects: 0.181700 ms CreateObjectMapping: 0.087700 ms MarkObjects: 1.926800 ms  DeleteObjects: 0.018200 ms)

========================================================================
Received Prepare
Registering precompiled user dll's ...
Registered in 0.004672 seconds.
Begin MonoManager ReloadAssembly
Native extension for WindowsStandalone target not found
Refreshing native plugins compatible for Editor in 0.34 ms, found 2 plugins.
Preloading 0 native plugins for Editor in 0.00 ms.
Mono: successfully reloaded assembly
- Completed reload, in  1.027 seconds
Platform modules already initialized, skipping
Refreshing native plugins compatible for Editor in 0.60 ms, found 2 plugins.
Preloading 0 native plugins for Editor in 0.00 ms.
Unloading 1368 Unused Serialized files (Serialized files now loaded: 0)
System memory in use before: 69.2 MB.
System memory in use after: 69.4 MB.

Unloading 12 unused Assets to reduce memory usage. Loaded Objects now: 1895.
Total: 2.524900 ms (FindLiveObjects: 0.194400 ms CreateObjectMapping: 0.050800 ms MarkObjects: 2.244300 ms  DeleteObjects: 0.034000 ms)

========================================================================
Received Import Request.
  Time since last request: 464.267292 seconds.
  path: Assets/Prefabs/Obstacle.prefab
  artifactKey: Guid(b54f0dfee5ef7254198e9219b536df58) Importer(815301076,1909f56bfc062723c751e8b465ee728b)
Start importing Assets/Prefabs/Obstacle.prefab using Guid(b54f0dfee5ef7254198e9219b536df58) Importer(815301076,1909f56bfc062723c751e8b465ee728b)  -> (artifact id: '3ffdfe8f73a8734125df68a7a5eadaae') in 0.055071 seconds
  Import took 0.058246 seconds .

========================================================================
Received Prepare
Registering precompiled user dll's ...
Registered in 0.005240 seconds.
Begin MonoManager ReloadAssembly
Native extension for WindowsStandalone target not found
Refreshing native plugins compatible for Editor in 0.36 ms, found 2 plugins.
Preloading 0 native plugins for Editor in 0.00 ms.
Mono: successfully reloaded assembly
- Completed reload, in  1.061 seconds
Platform modules already initialized, skipping
Refreshing native plugins compatible for Editor in 0.36 ms, found 2 plugins.
Preloading 0 native plugins for Editor in 0.00 ms.
Unloading 1368 Unused Serialized files (Serialized files now loaded: 0)
System memory in use before: 69.3 MB.
System memory in use after: 69.4 MB.

Unloading 12 unused Assets to reduce memory usage. Loaded Objects now: 1898.
Total: 2.631800 ms (FindLiveObjects: 0.244300 ms CreateObjectMapping: 0.087100 ms MarkObjects: 2.268500 ms  DeleteObjects: 0.030700 ms)

========================================================================
Received Import Request.
  Time since last request: 17.548652 seconds.
  path: Assets/Prefabs/FloorTile.prefab
  artifactKey: Guid(27c558490165a2b40b1a337f4b0ac3bc) Importer(815301076,1909f56bfc062723c751e8b465ee728b)
Start importing Assets/Prefabs/FloorTile.prefab using Guid(27c558490165a2b40b1a337f4b0ac3bc) Importer(815301076,1909f56bfc062723c751e8b465ee728b)  -> (artifact id: '92f7a349ef2578429e16543225b298ba') in 0.063848 seconds
  Import took 0.066799 seconds .

========================================================================
Received Import Request.
  Time since last request: 2.011375 seconds.
  path: Assets/Prefabs/FloorTile.prefab
  artifactKey: Guid(27c558490165a2b40b1a337f4b0ac3bc) Importer(815301076,1909f56bfc062723c751e8b465ee728b)
Start importing Assets/Prefabs/FloorTile.prefab using Guid(27c558490165a2b40b1a337f4b0ac3bc) Importer(815301076,1909f56bfc062723c751e8b465ee728b)  -> (artifact id: '87d2fcd0b35f6c2f3b7a8664e332271b') in 0.013390 seconds
  Import took 0.016993 seconds .

========================================================================
Received Import Request.
  Time since last request: 8.954663 seconds.
  path: Assets/Prefabs/FlowerTile.prefab
  artifactKey: Guid(7c9d2b225a847194c91a301c32a380c0) Importer(815301076,1909f56bfc062723c751e8b465ee728b)
Start importing Assets/Prefabs/FlowerTile.prefab using Guid(7c9d2b225a847194c91a301c32a380c0) Importer(815301076,1909f56bfc062723c751e8b465ee728b)  -> (artifact id: '70d7bf970ad00c330fa810e06ea04f86') in 0.057050 seconds
  Import took 0.062819 seconds .

========================================================================
Received Import Request.
  Time since last request: 6.626432 seconds.
  path: Assets/Prefabs/FlowerTile.prefab
  artifactKey: Guid(7c9d2b225a847194c91a301c32a380c0) Importer(815301076,1909f56bfc062723c751e8b465ee728b)
Start importing Assets/Prefabs/FlowerTile.prefab using Guid(7c9d2b225a847194c91a301c32a380c0) Importer(815301076,1909f56bfc062723c751e8b465ee728b)  -> (artifact id: '63e5e2f6aa10279305802497ec468b3c') in 0.048157 seconds
  Import took 0.053080 seconds .

========================================================================
Received Prepare
Registering precompiled user dll's ...
Registered in 0.006672 seconds.
Begin MonoManager ReloadAssembly
Native extension for WindowsStandalone target not found
Refreshing native plugins compatible for Editor in 0.39 ms, found 2 plugins.
Preloading 0 native plugins for Editor in 0.00 ms.
Mono: successfully reloaded assembly
- Completed reload, in  1.118 seconds
Platform modules already initialized, skipping
Refreshing native plugins compatible for Editor in 0.47 ms, found 2 plugins.
Preloading 0 native plugins for Editor in 0.00 ms.
Unloading 1368 Unused Serialized files (Serialized files now loaded: 0)
System memory in use before: 69.6 MB.
System memory in use after: 69.7 MB.

Unloading 13 unused Assets to reduce memory usage. Loaded Objects now: 1901.
Total: 2.421400 ms (FindLiveObjects: 0.256700 ms CreateObjectMapping: 0.071100 ms MarkObjects: 2.053900 ms  DeleteObjects: 0.038100 ms)

========================================================================
Received Prepare
Registering precompiled user dll's ...
Registered in 0.005208 seconds.
Begin MonoManager ReloadAssembly
Native extension for WindowsStandalone target not found
Refreshing native plugins compatible for Editor in 0.35 ms, found 2 plugins.
Preloading 0 native plugins for Editor in 0.00 ms.
Mono: successfully reloaded assembly
- Completed reload, in  1.107 seconds
Platform modules already initialized, skipping
Refreshing native plugins compatible for Editor in 0.35 ms, found 2 plugins.
Preloading 0 native plugins for Editor in 0.00 ms.
Unloading 1368 Unused Serialized files (Serialized files now loaded: 0)
System memory in use before: 69.6 MB.
System memory in use after: 69.7 MB.

Unloading 12 unused Assets to reduce memory usage. Loaded Objects now: 1903.
Total: 2.296800 ms (FindLiveObjects: 0.194900 ms CreateObjectMapping: 0.049000 ms MarkObjects: 2.022300 ms  DeleteObjects: 0.029400 ms)

