Using pre-set license
Built from '2020.3/release' branch; Version is '2020.3.7f1 (dd97f2c94397) revision 14522354'; Using compiler version '192528614'; Build Type 'Release'
OS: 'Windows 10 Pro; OS build 19042.1083; Version 2009; 64bit' Language: 'de' Physical Memory: 8076 MB
BatchMode: 1, IsHumanControllingUs: 0, StartBugReporterOnCrash: 0, Is64bit: 1, IsPro: 0

 COMMAND LINE ARGUMENTS:
C:\Program Files\Unity\Hub\Editor\2020.3.7f1\Editor\Unity.exe
-adb2
-batchMode
-noUpm
-name
AssetImportWorker5
-projectPath
C:/Users/meike/Desktop/Studium Osnabrueck/6. Semester SoSe 21/Advanced Experiment Design in Unity/Unity-Minigolf/Unity_Minigolf
-logFile
Logs/AssetImportWorker5.log
-srvPort
63365
Successfully changed project path to: C:/Users/meike/Desktop/Studium Osnabrueck/6. Semester SoSe 21/Advanced Experiment Design in Unity/Unity-Minigolf/Unity_Minigolf
C:/Users/meike/Desktop/Studium Osnabrueck/6. Semester SoSe 21/Advanced Experiment Design in Unity/Unity-Minigolf/Unity_Minigolf
Using Asset Import Pipeline V2.
