Using pre-set license
Built from '2020.3/release' branch; Version is '2020.3.7f1 (dd97f2c94397) revision 14522354'; Using compiler version '192528614'; Build Type 'Release'
OS: 'Windows 10 Pro; OS build 19042.928; Version 2009; 64bit' Language: 'de' Physical Memory: 16327 MB
BatchMode: 1, IsHumanControllingUs: 0, StartBugReporterOnCrash: 0, Is64bit: 1, IsPro: 0

 COMMAND LINE ARGUMENTS:
C:\Program Files\Unity\Hub\Editor\2020.3.7f1\Editor\Unity.exe
-adb2
-batchMode
-noUpm
-name
AssetImportWorker1
-projectPath
C:/Users/Max/Documents/GitHub/Unity-Minigolf/Unity_Minigolf
-logFile
Logs/AssetImportWorker1.log
-srvPort
64900
Successfully changed project path to: C:/Users/Max/Documents/GitHub/Unity-Minigolf/Unity_Minigolf
C:/Users/Max/Documents/GitHub/Unity-Minigolf/Unity_Minigolf
Using Asset Import Pipeline V2.
Refreshing native plugins compatible for Editor in 33.07 ms, found 2 plugins.
Preloading 0 native plugins for Editor in 0.00 ms.
Initialize engine version: 2020.3.7f1 (dd97f2c94397)
[Subsystems] Discovering subsystems at path C:/Program Files/Unity/Hub/Editor/2020.3.7f1/Editor/Data/Resources/UnitySubsystems
[Subsystems] Discovering subsystems at path C:/Users/Max/Documents/GitHub/Unity-Minigolf/Unity_Minigolf/Assets
GfxDevice: creating device client; threaded=0
Direct3D:
    Version:  Direct3D 11.0 [level 11.0]
    Renderer: NVIDIA GeForce GTX TITAN (ID=0x1005)
    Vendor:   
    VRAM:     6096 MB
    Driver:   27.21.14.6627
Initialize mono
Mono path[0] = 'C:/Program Files/Unity/Hub/Editor/2020.3.7f1/Editor/Data/Managed'
Mono path[1] = 'C:/Program Files/Unity/Hub/Editor/2020.3.7f1/Editor/Data/MonoBleedingEdge/lib/mono/unityjit'
Mono config path = 'C:/Program Files/Unity/Hub/Editor/2020.3.7f1/Editor/Data/MonoBleedingEdge/etc'
Using monoOptions --debugger-agent=transport=dt_socket,embedding=1,server=y,suspend=n,address=127.0.0.1:56748
Begin MonoManager ReloadAssembly
Registering precompiled unity dll's ...
Register platform support module: C:/Program Files/Unity/Hub/Editor/2020.3.7f1/Editor/Data/PlaybackEngines/WindowsStandaloneSupport/UnityEditor.WindowsStandalone.Extensions.dll
Registered in 0.002138 seconds.
Native extension for WindowsStandalone target not found
Refreshing native plugins compatible for Editor in 32.58 ms, found 2 plugins.
Preloading 0 native plugins for Editor in 0.00 ms.
Mono: successfully reloaded assembly
- Completed reload, in  1.630 seconds
Platform modules already initialized, skipping
Registering precompiled user dll's ...
Registered in 0.004799 seconds.
Begin MonoManager ReloadAssembly
Native extension for WindowsStandalone target not found
Refreshing native plugins compatible for Editor in 0.36 ms, found 2 plugins.
Preloading 0 native plugins for Editor in 0.00 ms.
Mono: successfully reloaded assembly
- Completed reload, in  1.176 seconds
Platform modules already initialized, skipping
========================================================================
Worker process is ready to serve import requests
Launched and connected shader compiler UnityShaderCompiler.exe after 0.05 seconds
Refreshing native plugins compatible for Editor in 0.40 ms, found 2 plugins.
Preloading 0 native plugins for Editor in 0.00 ms.
Unloading 1376 Unused Serialized files (Serialized files now loaded: 0)
System memory in use before: 66.8 MB.
System memory in use after: 66.8 MB.

Unloading 17 unused Assets to reduce memory usage. Loaded Objects now: 1813.
Total: 2.494200 ms (FindLiveObjects: 0.240500 ms CreateObjectMapping: 0.155600 ms MarkObjects: 2.011900 ms  DeleteObjects: 0.084900 ms)

========================================================================
Received Import Request.
  path: Assets/Assets/Floor/FloorTile.prefab
  artifactKey: Guid(53fce6f379e57b64389c3eeeadc43825) Importer(815301076,1909f56bfc062723c751e8b465ee728b)
Start importing Assets/Assets/Floor/FloorTile.prefab using Guid(53fce6f379e57b64389c3eeeadc43825) Importer(815301076,1909f56bfc062723c751e8b465ee728b)  -> (artifact id: '68470d711f8c61d8d9198bb826859510') in 0.124938 seconds
  Import took 0.127678 seconds .

========================================================================
Received Prepare
Registering precompiled user dll's ...
Registered in 0.006691 seconds.
Begin MonoManager ReloadAssembly
Native extension for WindowsStandalone target not found
Refreshing native plugins compatible for Editor in 0.41 ms, found 2 plugins.
Preloading 0 native plugins for Editor in 0.00 ms.
Mono: successfully reloaded assembly
- Completed reload, in  1.136 seconds
Platform modules already initialized, skipping
Refreshing native plugins compatible for Editor in 0.39 ms, found 2 plugins.
Preloading 0 native plugins for Editor in 0.00 ms.
Unloading 1357 Unused Serialized files (Serialized files now loaded: 0)
System memory in use before: 68.5 MB.
System memory in use after: 68.6 MB.

Unloading 13 unused Assets to reduce memory usage. Loaded Objects now: 1823.
Total: 1.862400 ms (FindLiveObjects: 0.168000 ms CreateObjectMapping: 0.050600 ms MarkObjects: 1.566400 ms  DeleteObjects: 0.076500 ms)

========================================================================
Received Prepare
Registering precompiled user dll's ...
Registered in 0.003472 seconds.
Begin MonoManager ReloadAssembly
Native extension for WindowsStandalone target not found
Refreshing native plugins compatible for Editor in 0.42 ms, found 2 plugins.
Preloading 0 native plugins for Editor in 0.00 ms.
Mono: successfully reloaded assembly
- Completed reload, in  1.021 seconds
Platform modules already initialized, skipping
Refreshing native plugins compatible for Editor in 0.36 ms, found 2 plugins.
Preloading 0 native plugins for Editor in 0.00 ms.
Unloading 1357 Unused Serialized files (Serialized files now loaded: 0)
System memory in use before: 68.5 MB.
System memory in use after: 68.6 MB.

Unloading 12 unused Assets to reduce memory usage. Loaded Objects now: 1825.
Total: 2.729200 ms (FindLiveObjects: 0.197700 ms CreateObjectMapping: 0.051700 ms MarkObjects: 2.459100 ms  DeleteObjects: 0.019300 ms)

========================================================================
Received Prepare
Registering precompiled user dll's ...
Registered in 0.003535 seconds.
Begin MonoManager ReloadAssembly
Native extension for WindowsStandalone target not found
Refreshing native plugins compatible for Editor in 0.36 ms, found 2 plugins.
Preloading 0 native plugins for Editor in 0.00 ms.
Mono: successfully reloaded assembly
- Completed reload, in  1.159 seconds
Platform modules already initialized, skipping
Refreshing native plugins compatible for Editor in 0.41 ms, found 2 plugins.
Preloading 0 native plugins for Editor in 0.00 ms.
Unloading 1357 Unused Serialized files (Serialized files now loaded: 0)
System memory in use before: 68.5 MB.
System memory in use after: 68.6 MB.

Unloading 12 unused Assets to reduce memory usage. Loaded Objects now: 1827.
Total: 2.322500 ms (FindLiveObjects: 0.227300 ms CreateObjectMapping: 0.104800 ms MarkObjects: 1.968600 ms  DeleteObjects: 0.019300 ms)

========================================================================
Received Prepare
Registering precompiled user dll's ...
Registered in 0.005351 seconds.
Begin MonoManager ReloadAssembly
Native extension for WindowsStandalone target not found
Refreshing native plugins compatible for Editor in 0.36 ms, found 2 plugins.
Preloading 0 native plugins for Editor in 0.00 ms.
Mono: successfully reloaded assembly
- Completed reload, in  1.066 seconds
Platform modules already initialized, skipping
Refreshing native plugins compatible for Editor in 0.39 ms, found 2 plugins.
Preloading 0 native plugins for Editor in 0.00 ms.
Unloading 1357 Unused Serialized files (Serialized files now loaded: 0)
System memory in use before: 68.5 MB.
System memory in use after: 68.6 MB.

Unloading 12 unused Assets to reduce memory usage. Loaded Objects now: 1829.
Total: 2.436100 ms (FindLiveObjects: 0.182900 ms CreateObjectMapping: 0.050000 ms MarkObjects: 2.157800 ms  DeleteObjects: 0.044000 ms)

========================================================================
Received Prepare
Registering precompiled user dll's ...
Registered in 0.003524 seconds.
Begin MonoManager ReloadAssembly
Native extension for WindowsStandalone target not found
Refreshing native plugins compatible for Editor in 0.35 ms, found 2 plugins.
Preloading 0 native plugins for Editor in 0.00 ms.
Mono: successfully reloaded assembly
- Completed reload, in  1.080 seconds
Platform modules already initialized, skipping
Refreshing native plugins compatible for Editor in 0.38 ms, found 2 plugins.
Preloading 0 native plugins for Editor in 0.00 ms.
Unloading 1357 Unused Serialized files (Serialized files now loaded: 0)
System memory in use before: 68.5 MB.
System memory in use after: 68.6 MB.

Unloading 12 unused Assets to reduce memory usage. Loaded Objects now: 1831.
Total: 2.579200 ms (FindLiveObjects: 0.174700 ms CreateObjectMapping: 0.121000 ms MarkObjects: 2.254300 ms  DeleteObjects: 0.028100 ms)

========================================================================
Received Prepare
Registering precompiled user dll's ...
Registered in 0.005922 seconds.
Begin MonoManager ReloadAssembly
Native extension for WindowsStandalone target not found
Refreshing native plugins compatible for Editor in 0.63 ms, found 2 plugins.
Preloading 0 native plugins for Editor in 0.00 ms.
Mono: successfully reloaded assembly
- Completed reload, in  1.129 seconds
Platform modules already initialized, skipping
Refreshing native plugins compatible for Editor in 0.45 ms, found 2 plugins.
Preloading 0 native plugins for Editor in 0.00 ms.
Unloading 1357 Unused Serialized files (Serialized files now loaded: 0)
System memory in use before: 68.5 MB.
System memory in use after: 68.6 MB.

Unloading 12 unused Assets to reduce memory usage. Loaded Objects now: 1833.
Total: 3.199200 ms (FindLiveObjects: 0.461700 ms CreateObjectMapping: 0.231700 ms MarkObjects: 2.459000 ms  DeleteObjects: 0.034900 ms)

========================================================================
Received Prepare
Registering precompiled user dll's ...
Registered in 0.004522 seconds.
Begin MonoManager ReloadAssembly
Native extension for WindowsStandalone target not found
Refreshing native plugins compatible for Editor in 0.36 ms, found 2 plugins.
Preloading 0 native plugins for Editor in 0.00 ms.
Mono: successfully reloaded assembly
- Completed reload, in  1.078 seconds
Platform modules already initialized, skipping
Refreshing native plugins compatible for Editor in 0.36 ms, found 2 plugins.
Preloading 0 native plugins for Editor in 0.00 ms.
Unloading 1357 Unused Serialized files (Serialized files now loaded: 0)
System memory in use before: 68.5 MB.
System memory in use after: 68.6 MB.

Unloading 12 unused Assets to reduce memory usage. Loaded Objects now: 1835.
Total: 2.374300 ms (FindLiveObjects: 0.190900 ms CreateObjectMapping: 0.129900 ms MarkObjects: 2.033100 ms  DeleteObjects: 0.019300 ms)

========================================================================
Received Prepare
Registering precompiled user dll's ...
Registered in 0.003577 seconds.
Begin MonoManager ReloadAssembly
Native extension for WindowsStandalone target not found
Refreshing native plugins compatible for Editor in 0.37 ms, found 2 plugins.
Preloading 0 native plugins for Editor in 0.00 ms.
Mono: successfully reloaded assembly
- Completed reload, in  1.053 seconds
Platform modules already initialized, skipping
Refreshing native plugins compatible for Editor in 0.36 ms, found 2 plugins.
Preloading 0 native plugins for Editor in 0.00 ms.
Unloading 1357 Unused Serialized files (Serialized files now loaded: 0)
System memory in use before: 68.5 MB.
System memory in use after: 68.6 MB.

Unloading 12 unused Assets to reduce memory usage. Loaded Objects now: 1837.
Total: 3.283600 ms (FindLiveObjects: 0.313000 ms CreateObjectMapping: 0.116600 ms MarkObjects: 2.830900 ms  DeleteObjects: 0.021100 ms)

========================================================================
Received Import Request.
  Time since last request: 988.901107 seconds.
  path: Assets/Prefabs/CleanUp.prefab
  artifactKey: Guid(d845d2dc9d4ec4e43a13ca3db4e09778) Importer(815301076,1909f56bfc062723c751e8b465ee728b)
Start importing Assets/Prefabs/CleanUp.prefab using Guid(d845d2dc9d4ec4e43a13ca3db4e09778) Importer(815301076,1909f56bfc062723c751e8b465ee728b)  -> (artifact id: '93dfe1f9a418965f482cc7a116ffa92b') in 0.078328 seconds
  Import took 0.081009 seconds .

========================================================================
Received Import Request.
  Time since last request: 0.000244 seconds.
  path: Assets/Prefabs/FloorTileFlowers.prefab
  artifactKey: Guid(7c9d2b225a847194c91a301c32a380c0) Importer(815301076,1909f56bfc062723c751e8b465ee728b)
Start importing Assets/Prefabs/FloorTileFlowers.prefab using Guid(7c9d2b225a847194c91a301c32a380c0) Importer(815301076,1909f56bfc062723c751e8b465ee728b)  -> (artifact id: '2156e8ac5197fb9f5e3814d8fe3e8c5c') in 0.128923 seconds
  Import took 0.132973 seconds .

========================================================================
Received Import Request.
  Time since last request: 0.000277 seconds.
  path: Assets/Prefabs/FloorTile.prefab
  artifactKey: Guid(27c558490165a2b40b1a337f4b0ac3bc) Importer(815301076,1909f56bfc062723c751e8b465ee728b)
Start importing Assets/Prefabs/FloorTile.prefab using Guid(27c558490165a2b40b1a337f4b0ac3bc) Importer(815301076,1909f56bfc062723c751e8b465ee728b)  -> (artifact id: '81bda5a723fd26a043c03c82c271dfe1') in 0.019103 seconds
  Import took 0.021745 seconds .

========================================================================
Received Import Request.
  Time since last request: 0.000286 seconds.
  path: Assets/Prefabs/Pit.prefab
  artifactKey: Guid(86564956ab19c914eb544681779e3188) Importer(815301076,1909f56bfc062723c751e8b465ee728b)
Start importing Assets/Prefabs/Pit.prefab using Guid(86564956ab19c914eb544681779e3188) Importer(815301076,1909f56bfc062723c751e8b465ee728b)  -> (artifact id: '9686014dcdd97c87232fe50cce0749df') in 0.513586 seconds
  Import took 0.518966 seconds .

========================================================================
Received Import Request.
  Time since last request: 0.000271 seconds.
  path: Assets/Prefabs/Obstacle.prefab
  artifactKey: Guid(b54f0dfee5ef7254198e9219b536df58) Importer(815301076,1909f56bfc062723c751e8b465ee728b)
Start importing Assets/Prefabs/Obstacle.prefab using Guid(b54f0dfee5ef7254198e9219b536df58) Importer(815301076,1909f56bfc062723c751e8b465ee728b)  -> (artifact id: '9248e8802cd70ef5ea7b660dba0fc53b') in 0.033002 seconds
  Import took 0.036099 seconds .

========================================================================
Received Prepare
Registering precompiled user dll's ...
Registered in 0.004122 seconds.
Begin MonoManager ReloadAssembly
Native extension for WindowsStandalone target not found
Refreshing native plugins compatible for Editor in 0.36 ms, found 2 plugins.
Preloading 0 native plugins for Editor in 0.00 ms.
Mono: successfully reloaded assembly
- Completed reload, in  1.123 seconds
Platform modules already initialized, skipping
Refreshing native plugins compatible for Editor in 0.37 ms, found 2 plugins.
Preloading 0 native plugins for Editor in 0.00 ms.
Unloading 1357 Unused Serialized files (Serialized files now loaded: 0)
System memory in use before: 68.8 MB.
System memory in use after: 68.9 MB.

Unloading 13 unused Assets to reduce memory usage. Loaded Objects now: 1840.
Total: 2.510600 ms (FindLiveObjects: 0.231200 ms CreateObjectMapping: 0.110300 ms MarkObjects: 2.117900 ms  DeleteObjects: 0.048700 ms)

========================================================================
Received Import Request.
  Time since last request: 68.799299 seconds.
  path: Assets/Code/WorldGeneration/(DEPRECATED)GenerateFloorTile.cs
  artifactKey: Guid(1b7b7537eb9f76440b581421e427d879) Importer(815301076,1909f56bfc062723c751e8b465ee728b)
Start importing Assets/Code/WorldGeneration/(DEPRECATED)GenerateFloorTile.cs using Guid(1b7b7537eb9f76440b581421e427d879) Importer(815301076,1909f56bfc062723c751e8b465ee728b)  -> (artifact id: '5ff310d634e8b5ae11ec63b254336871') in 0.011567 seconds
  Import took 0.014373 seconds .

========================================================================
Received Prepare
Registering precompiled user dll's ...
Registered in 0.003680 seconds.
Begin MonoManager ReloadAssembly
Native extension for WindowsStandalone target not found
Refreshing native plugins compatible for Editor in 0.35 ms, found 2 plugins.
Preloading 0 native plugins for Editor in 0.00 ms.
Mono: successfully reloaded assembly
- Completed reload, in  1.065 seconds
Platform modules already initialized, skipping
Refreshing native plugins compatible for Editor in 0.44 ms, found 2 plugins.
Preloading 0 native plugins for Editor in 0.00 ms.
Unloading 1357 Unused Serialized files (Serialized files now loaded: 0)
System memory in use before: 68.8 MB.
System memory in use after: 68.9 MB.

Unloading 12 unused Assets to reduce memory usage. Loaded Objects now: 1842.
Total: 2.216200 ms (FindLiveObjects: 0.200200 ms CreateObjectMapping: 0.050000 ms MarkObjects: 1.939000 ms  DeleteObjects: 0.025800 ms)

========================================================================
Received Import Request.
  Time since last request: 15.380940 seconds.
  path: Assets/Code/WorldGeneration/(DEPRECATED)NewGameManager.cs
  artifactKey: Guid(95e49f71fff944a4c90f17b37cc2796d) Importer(815301076,1909f56bfc062723c751e8b465ee728b)
Start importing Assets/Code/WorldGeneration/(DEPRECATED)NewGameManager.cs using Guid(95e49f71fff944a4c90f17b37cc2796d) Importer(815301076,1909f56bfc062723c751e8b465ee728b)  -> (artifact id: 'af5ea53dd3d8afc62466db21e2fd8eb9') in 0.011442 seconds
  Import took 0.014306 seconds .

========================================================================
Received Import Request.
  Time since last request: 0.002996 seconds.
  path: Assets/Code/WorldGeneration/(DEPRECATED)NewGameManager.cs
  artifactKey: Guid(95e49f71fff944a4c90f17b37cc2796d) Importer(815301076,1909f56bfc062723c751e8b465ee728b)
Start importing Assets/Code/WorldGeneration/(DEPRECATED)NewGameManager.cs using Guid(95e49f71fff944a4c90f17b37cc2796d) Importer(815301076,1909f56bfc062723c751e8b465ee728b)  -> (artifact id: 'af5ea53dd3d8afc62466db21e2fd8eb9') in 0.003971 seconds
  Import took 0.006698 seconds .

========================================================================
Received Prepare
Registering precompiled user dll's ...
Registered in 0.005428 seconds.
Begin MonoManager ReloadAssembly
Native extension for WindowsStandalone target not found
Refreshing native plugins compatible for Editor in 0.37 ms, found 2 plugins.
Preloading 0 native plugins for Editor in 0.00 ms.
Mono: successfully reloaded assembly
- Completed reload, in  1.056 seconds
Platform modules already initialized, skipping
Refreshing native plugins compatible for Editor in 0.40 ms, found 2 plugins.
Preloading 0 native plugins for Editor in 0.00 ms.
Unloading 1357 Unused Serialized files (Serialized files now loaded: 0)
System memory in use before: 68.8 MB.
System memory in use after: 68.9 MB.

Unloading 12 unused Assets to reduce memory usage. Loaded Objects now: 1844.
Total: 1.941600 ms (FindLiveObjects: 0.192300 ms CreateObjectMapping: 0.048000 ms MarkObjects: 1.663400 ms  DeleteObjects: 0.036600 ms)

========================================================================
Received Import Request.
  Time since last request: 5.629685 seconds.
  path: Assets/Code/WorldGeneration/WorldGenerator.cs
  artifactKey: Guid(77c7139ffacd6f640bea989a35c2db25) Importer(815301076,1909f56bfc062723c751e8b465ee728b)
Start importing Assets/Code/WorldGeneration/WorldGenerator.cs using Guid(77c7139ffacd6f640bea989a35c2db25) Importer(815301076,1909f56bfc062723c751e8b465ee728b)  -> (artifact id: '8a928b0a406b782bdfffe34356d5efbf') in 0.008950 seconds
  Import took 0.011444 seconds .

========================================================================
Received Import Request.
  Time since last request: 186.512289 seconds.
  path: Assets/Code/WorldGeneration/(DEPRECATED)GenerateFloorTile.cs
  artifactKey: Guid(1b7b7537eb9f76440b581421e427d879) Importer(815301076,1909f56bfc062723c751e8b465ee728b)
Start importing Assets/Code/WorldGeneration/(DEPRECATED)GenerateFloorTile.cs using Guid(1b7b7537eb9f76440b581421e427d879) Importer(815301076,1909f56bfc062723c751e8b465ee728b)  -> (artifact id: 'd18b3bf9acbb16855b1c75094d3b9afa') in 0.003475 seconds
  Import took 0.008144 seconds .

========================================================================
Received Import Request.
  Time since last request: 0.089892 seconds.
  path: Assets/Code/WorldGeneration/(DEPRECATED)GenerateFloorTile.cs
  artifactKey: Guid(1b7b7537eb9f76440b581421e427d879) Importer(815301076,1909f56bfc062723c751e8b465ee728b)
Start importing Assets/Code/WorldGeneration/(DEPRECATED)GenerateFloorTile.cs using Guid(1b7b7537eb9f76440b581421e427d879) Importer(815301076,1909f56bfc062723c751e8b465ee728b)  -> (artifact id: 'd18b3bf9acbb16855b1c75094d3b9afa') in 0.004269 seconds
  Import took 0.007228 seconds .

========================================================================
Received Prepare
Registering precompiled user dll's ...
Registered in 0.003810 seconds.
Begin MonoManager ReloadAssembly
Native extension for WindowsStandalone target not found
Refreshing native plugins compatible for Editor in 0.54 ms, found 2 plugins.
Preloading 0 native plugins for Editor in 0.00 ms.
Mono: successfully reloaded assembly
- Completed reload, in  1.149 seconds
Platform modules already initialized, skipping
Refreshing native plugins compatible for Editor in 0.59 ms, found 2 plugins.
Preloading 0 native plugins for Editor in 0.00 ms.
Unloading 1357 Unused Serialized files (Serialized files now loaded: 0)
System memory in use before: 68.8 MB.
System memory in use after: 68.9 MB.

Unloading 12 unused Assets to reduce memory usage. Loaded Objects now: 1846.
Total: 2.391300 ms (FindLiveObjects: 0.288700 ms CreateObjectMapping: 0.061900 ms MarkObjects: 2.016600 ms  DeleteObjects: 0.021800 ms)

========================================================================
Received Prepare
Registering precompiled user dll's ...
Registered in 0.003518 seconds.
Begin MonoManager ReloadAssembly
Native extension for WindowsStandalone target not found
Refreshing native plugins compatible for Editor in 0.39 ms, found 2 plugins.
Preloading 0 native plugins for Editor in 0.00 ms.
Mono: successfully reloaded assembly
- Completed reload, in  1.028 seconds
Platform modules already initialized, skipping
Refreshing native plugins compatible for Editor in 0.44 ms, found 2 plugins.
Preloading 0 native plugins for Editor in 0.00 ms.
Unloading 1357 Unused Serialized files (Serialized files now loaded: 0)
System memory in use before: 68.8 MB.
System memory in use after: 68.9 MB.

Unloading 12 unused Assets to reduce memory usage. Loaded Objects now: 1848.
Total: 2.520700 ms (FindLiveObjects: 0.193300 ms CreateObjectMapping: 0.057500 ms MarkObjects: 2.239400 ms  DeleteObjects: 0.029000 ms)

========================================================================
Received Import Request.
  Time since last request: 98.100743 seconds.
  path: Assets/Scenes/WorldGenPlayground.unity
  artifactKey: Guid(62534d50817825a45bb7c807fdfedd0d) Importer(815301076,1909f56bfc062723c751e8b465ee728b)
Start importing Assets/Scenes/WorldGenPlayground.unity using Guid(62534d50817825a45bb7c807fdfedd0d) Importer(815301076,1909f56bfc062723c751e8b465ee728b)  -> (artifact id: '8455b78d4ad08a23b39e09ba049ab23d') in 0.023323 seconds
  Import took 0.026650 seconds .

========================================================================
Received Prepare
Registering precompiled user dll's ...
Registered in 0.003597 seconds.
Begin MonoManager ReloadAssembly
Native extension for WindowsStandalone target not found
Refreshing native plugins compatible for Editor in 0.60 ms, found 2 plugins.
Preloading 0 native plugins for Editor in 0.00 ms.
Mono: successfully reloaded assembly
- Completed reload, in  1.035 seconds
Platform modules already initialized, skipping
Refreshing native plugins compatible for Editor in 0.46 ms, found 2 plugins.
Preloading 0 native plugins for Editor in 0.00 ms.
Unloading 1357 Unused Serialized files (Serialized files now loaded: 0)
System memory in use before: 68.8 MB.
System memory in use after: 68.9 MB.

Unloading 12 unused Assets to reduce memory usage. Loaded Objects now: 1850.
Total: 2.129100 ms (FindLiveObjects: 0.201500 ms CreateObjectMapping: 0.046100 ms MarkObjects: 1.846900 ms  DeleteObjects: 0.033100 ms)

========================================================================
Received Prepare
Registering precompiled user dll's ...
Registered in 0.004218 seconds.
Begin MonoManager ReloadAssembly
Native extension for WindowsStandalone target not found
Refreshing native plugins compatible for Editor in 0.60 ms, found 2 plugins.
Preloading 0 native plugins for Editor in 0.00 ms.
Mono: successfully reloaded assembly
- Completed reload, in  1.054 seconds
Platform modules already initialized, skipping
Refreshing native plugins compatible for Editor in 0.48 ms, found 2 plugins.
Preloading 0 native plugins for Editor in 0.00 ms.
Unloading 1357 Unused Serialized files (Serialized files now loaded: 0)
System memory in use before: 68.8 MB.
System memory in use after: 68.9 MB.

Unloading 12 unused Assets to reduce memory usage. Loaded Objects now: 1852.
Total: 2.558400 ms (FindLiveObjects: 0.186300 ms CreateObjectMapping: 0.059600 ms MarkObjects: 2.280700 ms  DeleteObjects: 0.030400 ms)

========================================================================
Received Import Request.
  Time since last request: 235.191209 seconds.
  path: Assets/Lowpoly Flowers/Materials/blinn1.mat
  artifactKey: Guid(c47f8ff5696bae54a90e10f2949e9cd5) Importer(815301076,1909f56bfc062723c751e8b465ee728b)
Start importing Assets/Lowpoly Flowers/Materials/blinn1.mat using Guid(c47f8ff5696bae54a90e10f2949e9cd5) Importer(815301076,1909f56bfc062723c751e8b465ee728b)  -> (artifact id: '930002514134b78372feeaa07611e28d') in 0.098321 seconds
  Import took 0.101163 seconds .

========================================================================
Received Import Request.
  Time since last request: 0.000287 seconds.
  path: Assets/flag/Materials/rope.mat
  artifactKey: Guid(f6980d87de9d1564eb7488c20aee8a2e) Importer(815301076,1909f56bfc062723c751e8b465ee728b)
Start importing Assets/flag/Materials/rope.mat using Guid(f6980d87de9d1564eb7488c20aee8a2e) Importer(815301076,1909f56bfc062723c751e8b465ee728b)  -> (artifact id: '381f5864119f405b91443072a53d19d6') in 0.026030 seconds
  Import took 0.028370 seconds .

========================================================================
Received Import Request.
  Time since last request: 0.000252 seconds.
  path: Assets/flag/Materials/flag.mat
  artifactKey: Guid(dba8d79d49560d54fa2f9fef4f8ede62) Importer(815301076,1909f56bfc062723c751e8b465ee728b)
Start importing Assets/flag/Materials/flag.mat using Guid(dba8d79d49560d54fa2f9fef4f8ede62) Importer(815301076,1909f56bfc062723c751e8b465ee728b)  -> (artifact id: '5a19e67f7cc9d588ee1f3e01fb119335') in 0.015990 seconds
  Import took 0.018633 seconds .

========================================================================
Received Import Request.
  Time since last request: 0.000246 seconds.
  path: Assets/Cartoon_Texture_Pack/DIRT/Dirt_Path/Materials/Dirt_Path.mat
  artifactKey: Guid(1cef938def0b527469f8ef0720c534dc) Importer(815301076,1909f56bfc062723c751e8b465ee728b)
Start importing Assets/Cartoon_Texture_Pack/DIRT/Dirt_Path/Materials/Dirt_Path.mat using Guid(1cef938def0b527469f8ef0720c534dc) Importer(815301076,1909f56bfc062723c751e8b465ee728b)  -> (artifact id: '5a7a4fca906460a75205a29d215d347e') in 0.035519 seconds
  Import took 0.039264 seconds .

========================================================================
Received Import Request.
  Time since last request: 0.000227 seconds.
  path: Assets/TextMesh Pro/Resources/Fonts & Materials/LiberationSans SDF - Outline.mat
  artifactKey: Guid(79459efec17a4d00a321bdcc27bbc385) Importer(815301076,1909f56bfc062723c751e8b465ee728b)
Start importing Assets/TextMesh Pro/Resources/Fonts & Materials/LiberationSans SDF - Outline.mat using Guid(79459efec17a4d00a321bdcc27bbc385) Importer(815301076,1909f56bfc062723c751e8b465ee728b)  -> (artifact id: 'd0540549992b3d6ea2ada0ba8636df88') in 0.040079 seconds
  Import took 0.043069 seconds .

========================================================================
Received Import Request.
  Time since last request: 0.000224 seconds.
  path: Assets/Lowpoly Flowers/Materials/blinn16.mat
  artifactKey: Guid(2b1d50fbc808a294b9864b393c9de656) Importer(815301076,1909f56bfc062723c751e8b465ee728b)
Start importing Assets/Lowpoly Flowers/Materials/blinn16.mat using Guid(2b1d50fbc808a294b9864b393c9de656) Importer(815301076,1909f56bfc062723c751e8b465ee728b)  -> (artifact id: '52da34efbcb81b2044595fd06fe64948') in 0.013860 seconds
  Import took 0.016770 seconds .

========================================================================
Received Import Request.
  Time since last request: 0.000226 seconds.
  path: Assets/Lowpoly Flowers/Materials/blinn13.mat
  artifactKey: Guid(84f3a21d510a57b4fab04043a2e5f977) Importer(815301076,1909f56bfc062723c751e8b465ee728b)
Start importing Assets/Lowpoly Flowers/Materials/blinn13.mat using Guid(84f3a21d510a57b4fab04043a2e5f977) Importer(815301076,1909f56bfc062723c751e8b465ee728b)  -> (artifact id: '78a1a025c824e928c5f3bcc77422c27d') in 0.014104 seconds
  Import took 0.016691 seconds .

========================================================================
Received Import Request.
  Time since last request: 0.000208 seconds.
  path: Assets/Cartoon_Texture_Pack/WOOD/WOOD_Planks/Materials/Wood_Planks_A.mat
  artifactKey: Guid(a46ddefb78a484643af07aed081bf055) Importer(815301076,1909f56bfc062723c751e8b465ee728b)
Start importing Assets/Cartoon_Texture_Pack/WOOD/WOOD_Planks/Materials/Wood_Planks_A.mat using Guid(a46ddefb78a484643af07aed081bf055) Importer(815301076,1909f56bfc062723c751e8b465ee728b)  -> (artifact id: 'ad5f6d1534c1b72ae8aa7722eaf4a9f2') in 0.099726 seconds
  Import took 0.102583 seconds .

========================================================================
Received Import Request.
  Time since last request: 0.000215 seconds.
  path: Assets/Lowpoly Flowers/Materials/blinn14.mat
  artifactKey: Guid(b7c6500f2320cde48987afd502d15557) Importer(815301076,1909f56bfc062723c751e8b465ee728b)
Start importing Assets/Lowpoly Flowers/Materials/blinn14.mat using Guid(b7c6500f2320cde48987afd502d15557) Importer(815301076,1909f56bfc062723c751e8b465ee728b)  -> (artifact id: 'e44abd59d8b0c0d22558d5ad21a71c23') in 0.015291 seconds
  Import took 0.017989 seconds .

========================================================================
Received Import Request.
  Time since last request: 0.000216 seconds.
  path: Assets/Cartoon_Texture_Pack/WOOD/WOOD_Plain/Materials/Wood_Plain_B.mat
  artifactKey: Guid(ca5f9003d85586d4d96ea25bf9f6bb44) Importer(815301076,1909f56bfc062723c751e8b465ee728b)
Start importing Assets/Cartoon_Texture_Pack/WOOD/WOOD_Plain/Materials/Wood_Plain_B.mat using Guid(ca5f9003d85586d4d96ea25bf9f6bb44) Importer(815301076,1909f56bfc062723c751e8b465ee728b)  -> (artifact id: 'c6a0ed189e9b293ee957c48967040c61') in 0.102101 seconds
  Import took 0.105252 seconds .

========================================================================
Received Import Request.
  Time since last request: 0.000250 seconds.
  path: Assets/Lowpoly Flowers/Materials/blinn12.mat
  artifactKey: Guid(c871a75f05c689c449806d809c5a7a25) Importer(815301076,1909f56bfc062723c751e8b465ee728b)
Start importing Assets/Lowpoly Flowers/Materials/blinn12.mat using Guid(c871a75f05c689c449806d809c5a7a25) Importer(815301076,1909f56bfc062723c751e8b465ee728b)  -> (artifact id: 'e9c7163c0ffa4f51981654cf25c2831a') in 0.013861 seconds
  Import took 0.016257 seconds .

========================================================================
Received Import Request.
  Time since last request: 0.000304 seconds.
  path: Assets/Cartoon_Texture_Pack/WALLS/WALL_Bricks/Materials/Wall_Brick_Basecolor_A.mat
  artifactKey: Guid(494b2aa46b253554db0947b88bf21040) Importer(815301076,1909f56bfc062723c751e8b465ee728b)
Start importing Assets/Cartoon_Texture_Pack/WALLS/WALL_Bricks/Materials/Wall_Brick_Basecolor_A.mat using Guid(494b2aa46b253554db0947b88bf21040) Importer(815301076,1909f56bfc062723c751e8b465ee728b)  -> (artifact id: '325c00d7b4bd9f29416237f228bd2c3a') in 0.036030 seconds
  Import took 0.038336 seconds .

========================================================================
Received Import Request.
  Time since last request: 0.000261 seconds.
  path: Assets/flag/Materials/ground.mat
  artifactKey: Guid(be0901e1b8a46694897fdc586b7c67d2) Importer(815301076,1909f56bfc062723c751e8b465ee728b)
Start importing Assets/flag/Materials/ground.mat using Guid(be0901e1b8a46694897fdc586b7c67d2) Importer(815301076,1909f56bfc062723c751e8b465ee728b)  -> (artifact id: '3f520bfb98f8dfb649d5d6d1e4aa9408') in 0.014538 seconds
  Import took 0.017712 seconds .

========================================================================
Received Import Request.
  Time since last request: 0.001674 seconds.
  path: Assets/Cartoon_Texture_Pack/WALLS/WALL_Bricks/Materials/Wall_Brick_AO.mat
  artifactKey: Guid(68b2d5a67dc4c2047a628844039c1aa9) Importer(815301076,1909f56bfc062723c751e8b465ee728b)
Start importing Assets/Cartoon_Texture_Pack/WALLS/WALL_Bricks/Materials/Wall_Brick_AO.mat using Guid(68b2d5a67dc4c2047a628844039c1aa9) Importer(815301076,1909f56bfc062723c751e8b465ee728b)  -> (artifact id: 'e984bd340cc0cdec0b4152844b95a4e9') in 0.019828 seconds
  Import took 0.022917 seconds .

========================================================================
Received Import Request.
  Time since last request: 0.000252 seconds.
  path: Assets/Cartoon_Texture_Pack/WALLS/WALL_Bricks/Materials/Wall_Brick_D.mat
  artifactKey: Guid(99c80548b1df7044281ddaed1d658ead) Importer(815301076,1909f56bfc062723c751e8b465ee728b)
Start importing Assets/Cartoon_Texture_Pack/WALLS/WALL_Bricks/Materials/Wall_Brick_D.mat using Guid(99c80548b1df7044281ddaed1d658ead) Importer(815301076,1909f56bfc062723c751e8b465ee728b)  -> (artifact id: '402391ef93383f3fa826076fb8785abe') in 0.093003 seconds
  Import took 0.096259 seconds .

========================================================================
Received Import Request.
  Time since last request: 0.000258 seconds.
  path: Assets/Lowpoly Flowers/Materials/blinn18.mat
  artifactKey: Guid(c352ea13210a31f48922e535c253d8de) Importer(815301076,1909f56bfc062723c751e8b465ee728b)
Start importing Assets/Lowpoly Flowers/Materials/blinn18.mat using Guid(c352ea13210a31f48922e535c253d8de) Importer(815301076,1909f56bfc062723c751e8b465ee728b)  -> (artifact id: 'c4a64be8e94f1ff2571f61bcada87460') in 0.015815 seconds
  Import took 0.019308 seconds .

========================================================================
Received Import Request.
  Time since last request: 0.000250 seconds.
  path: Assets/Lowpoly Flowers/Materials/blinn20.mat
  artifactKey: Guid(273869d15675afa4295cf832e967c3a2) Importer(815301076,1909f56bfc062723c751e8b465ee728b)
Start importing Assets/Lowpoly Flowers/Materials/blinn20.mat using Guid(273869d15675afa4295cf832e967c3a2) Importer(815301076,1909f56bfc062723c751e8b465ee728b)  -> (artifact id: '6169c73c88861c8a5c7ec8ecb1523564') in 0.020119 seconds
  Import took 0.023129 seconds .

========================================================================
Received Import Request.
  Time since last request: 0.000250 seconds.
  path: Assets/Cartoon_Texture_Pack/SAND/SAND_Beach/Materials/Sand_Beach_Shell.mat
  artifactKey: Guid(8f1ad6ca6c806374eb625b775345bb99) Importer(815301076,1909f56bfc062723c751e8b465ee728b)
Start importing Assets/Cartoon_Texture_Pack/SAND/SAND_Beach/Materials/Sand_Beach_Shell.mat using Guid(8f1ad6ca6c806374eb625b775345bb99) Importer(815301076,1909f56bfc062723c751e8b465ee728b)  -> (artifact id: 'a3fb82ed9eabaa6e4c2568a8c2f305f0') in 0.102004 seconds
  Import took 0.104962 seconds .

========================================================================
Received Import Request.
  Time since last request: 0.000241 seconds.
  path: Assets/TextMesh Pro/Resources/Fonts & Materials/LiberationSans SDF - Fallback.asset
  artifactKey: Guid(2e498d1c8094910479dc3e1b768306a4) Importer(815301076,1909f56bfc062723c751e8b465ee728b)
Start importing Assets/TextMesh Pro/Resources/Fonts & Materials/LiberationSans SDF - Fallback.asset using Guid(2e498d1c8094910479dc3e1b768306a4) Importer(815301076,1909f56bfc062723c751e8b465ee728b)  -> (artifact id: '56149e769252fa43ea1bf4f8b902cd7a') in 0.047371 seconds
  Import took 0.050048 seconds .

========================================================================
Received Import Request.
  Time since last request: 0.000303 seconds.
  path: Assets/Cartoon_Texture_Pack/WOOD/WOOD_Plain/Materials/Wood_Plain_A.mat
  artifactKey: Guid(d1308064540b76a488431b360cee6b89) Importer(815301076,1909f56bfc062723c751e8b465ee728b)
Start importing Assets/Cartoon_Texture_Pack/WOOD/WOOD_Plain/Materials/Wood_Plain_A.mat using Guid(d1308064540b76a488431b360cee6b89) Importer(815301076,1909f56bfc062723c751e8b465ee728b)  -> (artifact id: 'f3772cd73ed5cb32b1cc9cfbe3fa6b82') in 0.105443 seconds
  Import took 0.109127 seconds .

========================================================================
Received Import Request.
  Time since last request: 0.000218 seconds.
  path: Assets/TextMesh Pro/Fonts/LiberationSans.ttf
  artifactKey: Guid(e3265ab4bf004d28a9537516768c1c75) Importer(815301076,1909f56bfc062723c751e8b465ee728b)
Start importing Assets/TextMesh Pro/Fonts/LiberationSans.ttf using Guid(e3265ab4bf004d28a9537516768c1c75) Importer(815301076,1909f56bfc062723c751e8b465ee728b)  -> (artifact id: '59ecdb0b15669db4dab44fbe83e54911') in 0.026257 seconds
  Import took 0.029439 seconds .

========================================================================
Received Import Request.
  Time since last request: 0.000284 seconds.
  path: Assets/TextMesh Pro/Resources/Fonts & Materials/LiberationSans SDF - Drop Shadow.mat
  artifactKey: Guid(e73a58f6e2794ae7b1b7e50b7fb811b0) Importer(815301076,1909f56bfc062723c751e8b465ee728b)
Start importing Assets/TextMesh Pro/Resources/Fonts & Materials/LiberationSans SDF - Drop Shadow.mat using Guid(e73a58f6e2794ae7b1b7e50b7fb811b0) Importer(815301076,1909f56bfc062723c751e8b465ee728b)  -> (artifact id: 'c97dc225973105c50970980c2abdd001') in 0.102420 seconds
  Import took 0.105560 seconds .

========================================================================
Received Import Request.
  Time since last request: 0.000289 seconds.
  path: Assets/Cartoon_Texture_Pack/WOOD/WOOD_Planks/Materials/Wood_Planks_B.mat
  artifactKey: Guid(0744bcab18e19e444b1498ebfd1b47b1) Importer(815301076,1909f56bfc062723c751e8b465ee728b)
Start importing Assets/Cartoon_Texture_Pack/WOOD/WOOD_Planks/Materials/Wood_Planks_B.mat using Guid(0744bcab18e19e444b1498ebfd1b47b1) Importer(815301076,1909f56bfc062723c751e8b465ee728b)  -> (artifact id: '856f648a66b17f57b55cd44fd61ce7b8') in 0.105165 seconds
  Import took 0.108305 seconds .

========================================================================
Received Import Request.
  Time since last request: 0.000329 seconds.
  path: Assets/Lowpoly Flowers/flower06.fbx
  artifactKey: Guid(ab34fd65b601dab41915f4e874408d28) Importer(815301076,1909f56bfc062723c751e8b465ee728b)
Start importing Assets/Lowpoly Flowers/flower06.fbx using Guid(ab34fd65b601dab41915f4e874408d28) Importer(815301076,1909f56bfc062723c751e8b465ee728b)  -> (artifact id: '426a351655f0ad6726c839f47cdebe1f') in 0.209407 seconds
  Import took 0.212427 seconds .

========================================================================
Received Import Request.
  Time since last request: 0.000251 seconds.
  path: Assets/Lowpoly Flowers/flower02.fbx
  artifactKey: Guid(41ba2a6f1d128f94eba95e5213a81254) Importer(815301076,1909f56bfc062723c751e8b465ee728b)
Start importing Assets/Lowpoly Flowers/flower02.fbx using Guid(41ba2a6f1d128f94eba95e5213a81254) Importer(815301076,1909f56bfc062723c751e8b465ee728b)  -> (artifact id: '2406aaa277837847f7fa6a71961d38f3') in 0.060747 seconds
  Import took 0.063035 seconds .

========================================================================
Received Import Request.
  Time since last request: 0.000288 seconds.
  path: Assets/Lowpoly Flowers/flower07.fbx
  artifactKey: Guid(f74defbe1b9a23449aef9a881263fe0c) Importer(815301076,1909f56bfc062723c751e8b465ee728b)
Start importing Assets/Lowpoly Flowers/flower07.fbx using Guid(f74defbe1b9a23449aef9a881263fe0c) Importer(815301076,1909f56bfc062723c751e8b465ee728b)  -> (artifact id: 'df1895c7c1d5956a1c03654d17523eb5') in 0.098453 seconds
  Import took 0.100903 seconds .

========================================================================
Received Import Request.
  Time since last request: 0.000220 seconds.
  path: Assets/Lowpoly Flowers/flower05.fbx
  artifactKey: Guid(f1c3f8e347f55f44e98e7ea73efac66e) Importer(815301076,1909f56bfc062723c751e8b465ee728b)
Start importing Assets/Lowpoly Flowers/flower05.fbx using Guid(f1c3f8e347f55f44e98e7ea73efac66e) Importer(815301076,1909f56bfc062723c751e8b465ee728b)  -> (artifact id: '4d0283f47c7cba637cbaf35be76ca9e9') in 0.062575 seconds
  Import took 0.064889 seconds .

========================================================================
Received Import Request.
  Time since last request: 0.000235 seconds.
  path: Assets/Lowpoly Flowers/Materials/blinn15.mat
  artifactKey: Guid(85fb7ee31c847b74fa91ed2e43ab856f) Importer(815301076,1909f56bfc062723c751e8b465ee728b)
Start importing Assets/Lowpoly Flowers/Materials/blinn15.mat using Guid(85fb7ee31c847b74fa91ed2e43ab856f) Importer(815301076,1909f56bfc062723c751e8b465ee728b)  -> (artifact id: '338c56f60f58bc56a48062a66f84c139') in 0.013003 seconds
  Import took 0.015633 seconds .

========================================================================
Received Import Request.
  Time since last request: 0.000252 seconds.
  path: Assets/flag/Materials/pole.mat
  artifactKey: Guid(95a25eed09f08ef45bb4910d98e881e2) Importer(815301076,1909f56bfc062723c751e8b465ee728b)
Start importing Assets/flag/Materials/pole.mat using Guid(95a25eed09f08ef45bb4910d98e881e2) Importer(815301076,1909f56bfc062723c751e8b465ee728b)  -> (artifact id: '22fbe76bcd21066b39d00f7e6dd137f2') in 0.014290 seconds
  Import took 0.017164 seconds .

========================================================================
Received Import Request.
  Time since last request: 0.000246 seconds.
  path: Assets/Lowpoly Flowers/Materials/blinn22.mat
  artifactKey: Guid(4244f8c36ab691c4f84860a4a7d186a1) Importer(815301076,1909f56bfc062723c751e8b465ee728b)
Start importing Assets/Lowpoly Flowers/Materials/blinn22.mat using Guid(4244f8c36ab691c4f84860a4a7d186a1) Importer(815301076,1909f56bfc062723c751e8b465ee728b)  -> (artifact id: '61f47448f414dbf612e9eddf2d48c75a') in 0.013417 seconds
  Import took 0.016171 seconds .

========================================================================
Received Import Request.
  Time since last request: 0.000255 seconds.
  path: Assets/Lowpoly Flowers/Materials/blinn19.mat
  artifactKey: Guid(f880ed3c5792f9a47ad805c0a40dd90f) Importer(815301076,1909f56bfc062723c751e8b465ee728b)
Start importing Assets/Lowpoly Flowers/Materials/blinn19.mat using Guid(f880ed3c5792f9a47ad805c0a40dd90f) Importer(815301076,1909f56bfc062723c751e8b465ee728b)  -> (artifact id: 'a61692ffe65a4adaf149fd44b2ee714a') in 0.014533 seconds
  Import took 0.016945 seconds .

========================================================================
Received Import Request.
  Time since last request: 0.000327 seconds.
  path: Assets/TextMesh Pro/Resources/Fonts & Materials/LiberationSans SDF.asset
  artifactKey: Guid(8f586378b4e144a9851e7b34d9b748ee) Importer(815301076,1909f56bfc062723c751e8b465ee728b)
Start importing Assets/TextMesh Pro/Resources/Fonts & Materials/LiberationSans SDF.asset using Guid(8f586378b4e144a9851e7b34d9b748ee) Importer(815301076,1909f56bfc062723c751e8b465ee728b)  -> (artifact id: '29808c613b279ebb2c29180e045821c1') in 0.044979 seconds
  Import took 0.047714 seconds .

========================================================================
Received Import Request.
  Time since last request: 0.000261 seconds.
  path: Assets/Lowpoly Flowers/Materials/blinn21.mat
  artifactKey: Guid(610d8eab62248e145a08551da327c921) Importer(815301076,1909f56bfc062723c751e8b465ee728b)
Start importing Assets/Lowpoly Flowers/Materials/blinn21.mat using Guid(610d8eab62248e145a08551da327c921) Importer(815301076,1909f56bfc062723c751e8b465ee728b)  -> (artifact id: '69bc4c846184dad0167121aafe39570b') in 0.012753 seconds
  Import took 0.015084 seconds .

========================================================================
Received Import Request.
  Time since last request: 0.000265 seconds.
  path: Assets/Cartoon_Texture_Pack/WALLS/WALL_Bricks/Materials/Wall_Brick_B.mat
  artifactKey: Guid(e429c8ff9e485574b8aa09ee44b4da19) Importer(815301076,1909f56bfc062723c751e8b465ee728b)
Start importing Assets/Cartoon_Texture_Pack/WALLS/WALL_Bricks/Materials/Wall_Brick_B.mat using Guid(e429c8ff9e485574b8aa09ee44b4da19) Importer(815301076,1909f56bfc062723c751e8b465ee728b)  -> (artifact id: 'a835e9c9c1f050b7691181c80ef84e45') in 0.047348 seconds
  Import took 0.050085 seconds .

========================================================================
Received Import Request.
  Time since last request: 0.000261 seconds.
  path: Assets/Cartoon_Texture_Pack/WALLS/WALL_Bricks/Materials/Wall_Brick_C.mat
  artifactKey: Guid(3a5e74c1ed8337d4cbfafd0490ba8951) Importer(815301076,1909f56bfc062723c751e8b465ee728b)
Start importing Assets/Cartoon_Texture_Pack/WALLS/WALL_Bricks/Materials/Wall_Brick_C.mat using Guid(3a5e74c1ed8337d4cbfafd0490ba8951) Importer(815301076,1909f56bfc062723c751e8b465ee728b)  -> (artifact id: 'bc1e93aeac2463f53ef1c8e4b84e3d1d') in 0.049801 seconds
  Import took 0.052762 seconds .

========================================================================
Received Import Request.
  Time since last request: 0.000311 seconds.
  path: Assets/Lowpoly Flowers/Materials/blinn2.mat
  artifactKey: Guid(a2fb46031534f1f49afa38ba8ea81ee2) Importer(815301076,1909f56bfc062723c751e8b465ee728b)
Start importing Assets/Lowpoly Flowers/Materials/blinn2.mat using Guid(a2fb46031534f1f49afa38ba8ea81ee2) Importer(815301076,1909f56bfc062723c751e8b465ee728b)  -> (artifact id: '06e7c34a24cc33948e2e1c3fe20ff1e1') in 0.015359 seconds
  Import took 0.018447 seconds .

========================================================================
Received Import Request.
  Time since last request: 0.000314 seconds.
  path: Assets/Lowpoly Flowers/flower01.fbx
  artifactKey: Guid(da1981c3ee8ea7e4186a753e15495628) Importer(815301076,1909f56bfc062723c751e8b465ee728b)
Start importing Assets/Lowpoly Flowers/flower01.fbx using Guid(da1981c3ee8ea7e4186a753e15495628) Importer(815301076,1909f56bfc062723c751e8b465ee728b)  -> (artifact id: '04ff12a28816929721167255809ab06a') in 0.088753 seconds
  Import took 0.091487 seconds .

========================================================================
Received Import Request.
  Time since last request: 0.000234 seconds.
  path: Assets/Cartoon_Texture_Pack/SAND/SAND_Beach/Materials/Sand_Beach_Base.mat
  artifactKey: Guid(98e3d348c55e6a244b34dd502d9ed4cc) Importer(815301076,1909f56bfc062723c751e8b465ee728b)
Start importing Assets/Cartoon_Texture_Pack/SAND/SAND_Beach/Materials/Sand_Beach_Base.mat using Guid(98e3d348c55e6a244b34dd502d9ed4cc) Importer(815301076,1909f56bfc062723c751e8b465ee728b)  -> (artifact id: '5c88d53f3a42b8594aa40a32188d496d') in 0.031054 seconds
  Import took 0.034142 seconds .

========================================================================
Received Import Request.
  Time since last request: 0.000294 seconds.
  path: Assets/Cartoon_Texture_Pack/WALLS/WALL_Bricks/Materials/Wall_Brick_A.mat
  artifactKey: Guid(57affabf9cc8f1443a25f2ff280d83a8) Importer(815301076,1909f56bfc062723c751e8b465ee728b)
Start importing Assets/Cartoon_Texture_Pack/WALLS/WALL_Bricks/Materials/Wall_Brick_A.mat using Guid(57affabf9cc8f1443a25f2ff280d83a8) Importer(815301076,1909f56bfc062723c751e8b465ee728b)  -> (artifact id: '52a2658c5c19be6a53acb40e8c3ba2d7') in 0.036461 seconds
  Import took 0.039334 seconds .

========================================================================
Received Import Request.
  Time since last request: 0.000208 seconds.
  path: Assets/Lowpoly Flowers/flower03.fbx
  artifactKey: Guid(b332dc24cbb08144da2f112f82406700) Importer(815301076,1909f56bfc062723c751e8b465ee728b)
Start importing Assets/Lowpoly Flowers/flower03.fbx using Guid(b332dc24cbb08144da2f112f82406700) Importer(815301076,1909f56bfc062723c751e8b465ee728b)  -> (artifact id: 'f2c06739b139b143a702bc0fa795f349') in 0.056296 seconds
  Import took 0.058799 seconds .

========================================================================
Received Import Request.
  Time since last request: 0.000301 seconds.
  path: Assets/Lowpoly Flowers/flower04.fbx
  artifactKey: Guid(821158ae724ce854e920539f935295b8) Importer(815301076,1909f56bfc062723c751e8b465ee728b)
Start importing Assets/Lowpoly Flowers/flower04.fbx using Guid(821158ae724ce854e920539f935295b8) Importer(815301076,1909f56bfc062723c751e8b465ee728b)  -> (artifact id: '3cdca8e90923ee8658cb53ac95832e2a') in 0.058176 seconds
  Import took 0.060860 seconds .

========================================================================
Received Import Request.
  Time since last request: 19.733242 seconds.
  path: Assets/Prefabs/FloorTile.prefab
  artifactKey: Guid(27c558490165a2b40b1a337f4b0ac3bc) Importer(815301076,1909f56bfc062723c751e8b465ee728b)
Start importing Assets/Prefabs/FloorTile.prefab using Guid(27c558490165a2b40b1a337f4b0ac3bc) Importer(815301076,1909f56bfc062723c751e8b465ee728b)  -> (artifact id: '9b6b5b4d7e9a2315c6ebcf99e86b6c00') in 0.019559 seconds
  Import took 0.023254 seconds .

========================================================================
Received Import Request.
  Time since last request: 8.746868 seconds.
  path: Assets/Code/WorldGeneration/ObjectPool.cs
  artifactKey: Guid(72816aa2404580343af39b5017830bf4) Importer(815301076,1909f56bfc062723c751e8b465ee728b)
Start importing Assets/Code/WorldGeneration/ObjectPool.cs using Guid(72816aa2404580343af39b5017830bf4) Importer(815301076,1909f56bfc062723c751e8b465ee728b)  -> (artifact id: 'cfcb27c3be3bf768566f0ede6733f682') in 0.006901 seconds
  Import took 0.009391 seconds .

========================================================================
Received Import Request.
  Time since last request: 0.006616 seconds.
  path: Assets/Code/WorldGeneration/ObjectPool.cs
  artifactKey: Guid(72816aa2404580343af39b5017830bf4) Importer(815301076,1909f56bfc062723c751e8b465ee728b)
Start importing Assets/Code/WorldGeneration/ObjectPool.cs using Guid(72816aa2404580343af39b5017830bf4) Importer(815301076,1909f56bfc062723c751e8b465ee728b)  -> (artifact id: 'cfcb27c3be3bf768566f0ede6733f682') in 0.003132 seconds
  Import took 0.005876 seconds .

========================================================================
Received Import Request.
  Time since last request: 0.368790 seconds.
  path: Assets/Code/WorldGeneration/WorldGenerator.cs
  artifactKey: Guid(77c7139ffacd6f640bea989a35c2db25) Importer(815301076,1909f56bfc062723c751e8b465ee728b)
Start importing Assets/Code/WorldGeneration/WorldGenerator.cs using Guid(77c7139ffacd6f640bea989a35c2db25) Importer(815301076,1909f56bfc062723c751e8b465ee728b)  -> (artifact id: 'ba7e98e2c94c4d43d18c350f414b2f70') in 0.002240 seconds
  Import took 0.005229 seconds .

========================================================================
Received Import Request.
  Time since last request: 0.002816 seconds.
  path: Assets/Code/WorldGeneration/WorldGenerator.cs
  artifactKey: Guid(77c7139ffacd6f640bea989a35c2db25) Importer(815301076,1909f56bfc062723c751e8b465ee728b)
Start importing Assets/Code/WorldGeneration/WorldGenerator.cs using Guid(77c7139ffacd6f640bea989a35c2db25) Importer(815301076,1909f56bfc062723c751e8b465ee728b)  -> (artifact id: 'ba7e98e2c94c4d43d18c350f414b2f70') in 0.002405 seconds
  Import took 0.004941 seconds .

========================================================================
Received Import Request.
  Time since last request: 20.512926 seconds.
  path: Assets/Prefabs/Pit.prefab
  artifactKey: Guid(86564956ab19c914eb544681779e3188) Importer(815301076,1909f56bfc062723c751e8b465ee728b)
Start importing Assets/Prefabs/Pit.prefab using Guid(86564956ab19c914eb544681779e3188) Importer(815301076,1909f56bfc062723c751e8b465ee728b)  -> (artifact id: 'f93ffec398e6a0651737f2f265574fb3') in 0.052888 seconds
  Import took 0.058404 seconds .

========================================================================
Received Import Request.
  Time since last request: 23.259626 seconds.
  path: Assets/Prefabs/Pit.prefab
  artifactKey: Guid(86564956ab19c914eb544681779e3188) Importer(815301076,1909f56bfc062723c751e8b465ee728b)
Start importing Assets/Prefabs/Pit.prefab using Guid(86564956ab19c914eb544681779e3188) Importer(815301076,1909f56bfc062723c751e8b465ee728b)  -> (artifact id: 'db89058c4a2769087843613d7160d84a') in 0.049837 seconds
  Import took 0.055260 seconds .

========================================================================
Received Prepare
Registering precompiled user dll's ...
Registered in 0.003849 seconds.
Begin MonoManager ReloadAssembly
Native extension for WindowsStandalone target not found
Refreshing native plugins compatible for Editor in 0.35 ms, found 2 plugins.
Preloading 0 native plugins for Editor in 0.00 ms.
Mono: successfully reloaded assembly
- Completed reload, in  1.032 seconds
Platform modules already initialized, skipping
Refreshing native plugins compatible for Editor in 0.36 ms, found 2 plugins.
Preloading 0 native plugins for Editor in 0.00 ms.
Unloading 1357 Unused Serialized files (Serialized files now loaded: 0)
System memory in use before: 69.4 MB.
System memory in use after: 69.5 MB.

Unloading 13 unused Assets to reduce memory usage. Loaded Objects now: 1895.
Total: 2.077000 ms (FindLiveObjects: 0.168400 ms CreateObjectMapping: 0.047000 ms MarkObjects: 1.780700 ms  DeleteObjects: 0.079400 ms)

========================================================================
Received Import Request.
  Time since last request: 142.186881 seconds.
  path: Assets/Prefabs/FloorTile.prefab
  artifactKey: Guid(27c558490165a2b40b1a337f4b0ac3bc) Importer(815301076,1909f56bfc062723c751e8b465ee728b)
Start importing Assets/Prefabs/FloorTile.prefab using Guid(27c558490165a2b40b1a337f4b0ac3bc) Importer(815301076,1909f56bfc062723c751e8b465ee728b)  -> (artifact id: '47b890ea8bf0abb39e92627c8abad7db') in 0.061594 seconds
  Import took 0.064862 seconds .

========================================================================
Received Import Request.
  Time since last request: 2.865379 seconds.
  path: Assets/Prefabs/FloorTile.prefab
  artifactKey: Guid(27c558490165a2b40b1a337f4b0ac3bc) Importer(815301076,1909f56bfc062723c751e8b465ee728b)
Start importing Assets/Prefabs/FloorTile.prefab using Guid(27c558490165a2b40b1a337f4b0ac3bc) Importer(815301076,1909f56bfc062723c751e8b465ee728b)  -> (artifact id: 'a3ef5c5586bbc7903bec89a6df3c4776') in 0.015047 seconds
  Import took 0.017819 seconds .

========================================================================
Received Import Request.
  Time since last request: 4.648816 seconds.
  path: Assets/Assets/Player/Player.prefab
  artifactKey: Guid(aabbb8a21fdd77545919010596412171) Importer(815301076,1909f56bfc062723c751e8b465ee728b)
Start importing Assets/Assets/Player/Player.prefab using Guid(aabbb8a21fdd77545919010596412171) Importer(815301076,1909f56bfc062723c751e8b465ee728b)  -> (artifact id: 'c294fdcfdfb33746206cac308aa008a4') in 0.012714 seconds
  Import took 0.015425 seconds .

========================================================================
Received Prepare
Registering precompiled user dll's ...
Registered in 0.003625 seconds.
Begin MonoManager ReloadAssembly
Native extension for WindowsStandalone target not found
Refreshing native plugins compatible for Editor in 0.45 ms, found 2 plugins.
Preloading 0 native plugins for Editor in 0.00 ms.
Mono: successfully reloaded assembly
- Completed reload, in  1.061 seconds
Platform modules already initialized, skipping
Refreshing native plugins compatible for Editor in 0.38 ms, found 2 plugins.
Preloading 0 native plugins for Editor in 0.00 ms.
Unloading 1357 Unused Serialized files (Serialized files now loaded: 0)
System memory in use before: 69.5 MB.
System memory in use after: 69.6 MB.

Unloading 13 unused Assets to reduce memory usage. Loaded Objects now: 1899.
Total: 2.290200 ms (FindLiveObjects: 0.208800 ms CreateObjectMapping: 0.096400 ms MarkObjects: 1.933200 ms  DeleteObjects: 0.050200 ms)

========================================================================
Received Prepare
Registering precompiled user dll's ...
Registered in 0.003459 seconds.
Begin MonoManager ReloadAssembly
Native extension for WindowsStandalone target not found
Refreshing native plugins compatible for Editor in 0.64 ms, found 2 plugins.
Preloading 0 native plugins for Editor in 0.00 ms.
Mono: successfully reloaded assembly
- Completed reload, in  1.027 seconds
Platform modules already initialized, skipping
Refreshing native plugins compatible for Editor in 0.38 ms, found 2 plugins.
Preloading 0 native plugins for Editor in 0.00 ms.
Unloading 1357 Unused Serialized files (Serialized files now loaded: 0)
System memory in use before: 69.5 MB.
System memory in use after: 69.6 MB.

Unloading 12 unused Assets to reduce memory usage. Loaded Objects now: 1901.
Total: 2.241300 ms (FindLiveObjects: 0.172000 ms CreateObjectMapping: 0.055500 ms MarkObjects: 1.993500 ms  DeleteObjects: 0.019000 ms)

========================================================================
Received Prepare
Registering precompiled user dll's ...
Registered in 0.003756 seconds.
Begin MonoManager ReloadAssembly
Native extension for WindowsStandalone target not found
Refreshing native plugins compatible for Editor in 0.44 ms, found 2 plugins.
Preloading 0 native plugins for Editor in 0.00 ms.
Mono: successfully reloaded assembly
- Completed reload, in  1.176 seconds
Platform modules already initialized, skipping
Refreshing native plugins compatible for Editor in 0.44 ms, found 2 plugins.
Preloading 0 native plugins for Editor in 0.00 ms.
Unloading 1357 Unused Serialized files (Serialized files now loaded: 0)
System memory in use before: 69.5 MB.
System memory in use after: 69.6 MB.

Unloading 12 unused Assets to reduce memory usage. Loaded Objects now: 1903.
Total: 2.468400 ms (FindLiveObjects: 0.282600 ms CreateObjectMapping: 0.083800 ms MarkObjects: 2.072800 ms  DeleteObjects: 0.027600 ms)

========================================================================
Received Import Request.
  Time since last request: 94.068921 seconds.
  path: Assets/Prefabs/FloorTile.prefab
  artifactKey: Guid(27c558490165a2b40b1a337f4b0ac3bc) Importer(815301076,1909f56bfc062723c751e8b465ee728b)
Start importing Assets/Prefabs/FloorTile.prefab using Guid(27c558490165a2b40b1a337f4b0ac3bc) Importer(815301076,1909f56bfc062723c751e8b465ee728b)  -> (artifact id: '6b7093496360e8ac9dd3d91a4d8cede6') in 0.069009 seconds
  Import took 0.071914 seconds .

========================================================================
Received Prepare
Registering precompiled user dll's ...
Registered in 0.004029 seconds.
Begin MonoManager ReloadAssembly
Native extension for WindowsStandalone target not found
Refreshing native plugins compatible for Editor in 0.37 ms, found 2 plugins.
Preloading 0 native plugins for Editor in 0.00 ms.
Mono: successfully reloaded assembly
- Completed reload, in  1.076 seconds
Platform modules already initialized, skipping
Refreshing native plugins compatible for Editor in 0.41 ms, found 2 plugins.
Preloading 0 native plugins for Editor in 0.00 ms.
Unloading 1357 Unused Serialized files (Serialized files now loaded: 0)
System memory in use before: 69.6 MB.
System memory in use after: 69.7 MB.

Unloading 13 unused Assets to reduce memory usage. Loaded Objects now: 1906.
Total: 2.596900 ms (FindLiveObjects: 0.278400 ms CreateObjectMapping: 0.092900 ms MarkObjects: 2.145800 ms  DeleteObjects: 0.078100 ms)

========================================================================
Received Import Request.
  Time since last request: 99.300609 seconds.
  path: Assets/Prefabs/FloorTileFlowers.prefab
  artifactKey: Guid(7c9d2b225a847194c91a301c32a380c0) Importer(815301076,1909f56bfc062723c751e8b465ee728b)
Start importing Assets/Prefabs/FloorTileFlowers.prefab using Guid(7c9d2b225a847194c91a301c32a380c0) Importer(815301076,1909f56bfc062723c751e8b465ee728b)  -> (artifact id: 'c2a53b0a56c904daf73c716bde2fc7ff') in 0.105138 seconds
  Import took 0.110631 seconds .

========================================================================
Received Prepare
Registering precompiled user dll's ...
Registered in 0.003896 seconds.
Begin MonoManager ReloadAssembly
Native extension for WindowsStandalone target not found
Refreshing native plugins compatible for Editor in 0.42 ms, found 2 plugins.
Preloading 0 native plugins for Editor in 0.00 ms.
Mono: successfully reloaded assembly
- Completed reload, in  1.183 seconds
Platform modules already initialized, skipping
Refreshing native plugins compatible for Editor in 0.41 ms, found 2 plugins.
Preloading 0 native plugins for Editor in 0.00 ms.
Unloading 1357 Unused Serialized files (Serialized files now loaded: 0)
System memory in use before: 69.6 MB.
System memory in use after: 69.7 MB.

Unloading 13 unused Assets to reduce memory usage. Loaded Objects now: 1909.
Total: 2.268400 ms (FindLiveObjects: 0.216400 ms CreateObjectMapping: 0.052200 ms MarkObjects: 1.942400 ms  DeleteObjects: 0.055900 ms)

========================================================================
Received Prepare
Registering precompiled user dll's ...
Registered in 0.003540 seconds.
Begin MonoManager ReloadAssembly
Native extension for WindowsStandalone target not found
Refreshing native plugins compatible for Editor in 0.42 ms, found 2 plugins.
Preloading 0 native plugins for Editor in 0.00 ms.
Mono: successfully reloaded assembly
- Completed reload, in  1.051 seconds
Platform modules already initialized, skipping
Refreshing native plugins compatible for Editor in 0.39 ms, found 2 plugins.
Preloading 0 native plugins for Editor in 0.00 ms.
Unloading 1357 Unused Serialized files (Serialized files now loaded: 0)
System memory in use before: 69.6 MB.
System memory in use after: 69.7 MB.

Unloading 12 unused Assets to reduce memory usage. Loaded Objects now: 1911.
Total: 2.033800 ms (FindLiveObjects: 0.167800 ms CreateObjectMapping: 0.057700 ms MarkObjects: 1.775600 ms  DeleteObjects: 0.031500 ms)

========================================================================
Received Prepare
Registering precompiled user dll's ...
Registered in 0.003777 seconds.
Begin MonoManager ReloadAssembly
Native extension for WindowsStandalone target not found
Refreshing native plugins compatible for Editor in 0.39 ms, found 2 plugins.
Preloading 0 native plugins for Editor in 0.00 ms.
Mono: successfully reloaded assembly
- Completed reload, in  1.112 seconds
Platform modules already initialized, skipping
Refreshing native plugins compatible for Editor in 0.62 ms, found 2 plugins.
Preloading 0 native plugins for Editor in 0.00 ms.
Unloading 1357 Unused Serialized files (Serialized files now loaded: 0)
System memory in use before: 69.6 MB.
System memory in use after: 69.7 MB.

Unloading 12 unused Assets to reduce memory usage. Loaded Objects now: 1913.
Total: 3.865200 ms (FindLiveObjects: 0.248200 ms CreateObjectMapping: 0.107400 ms MarkObjects: 3.462800 ms  DeleteObjects: 0.043500 ms)

========================================================================
Received Prepare
Registering precompiled user dll's ...
Registered in 0.003963 seconds.
Begin MonoManager ReloadAssembly
Native extension for WindowsStandalone target not found
Refreshing native plugins compatible for Editor in 0.37 ms, found 2 plugins.
Preloading 0 native plugins for Editor in 0.00 ms.
Mono: successfully reloaded assembly
- Completed reload, in  1.143 seconds
Platform modules already initialized, skipping
Refreshing native plugins compatible for Editor in 0.35 ms, found 2 plugins.
Preloading 0 native plugins for Editor in 0.00 ms.
Unloading 1357 Unused Serialized files (Serialized files now loaded: 0)
System memory in use before: 69.6 MB.
System memory in use after: 69.7 MB.

Unloading 12 unused Assets to reduce memory usage. Loaded Objects now: 1915.
Total: 2.211000 ms (FindLiveObjects: 0.322000 ms CreateObjectMapping: 0.135000 ms MarkObjects: 1.731400 ms  DeleteObjects: 0.020700 ms)

========================================================================
Received Prepare
Registering precompiled user dll's ...
Registered in 0.003665 seconds.
Begin MonoManager ReloadAssembly
Native extension for WindowsStandalone target not found
Refreshing native plugins compatible for Editor in 0.42 ms, found 2 plugins.
Preloading 0 native plugins for Editor in 0.00 ms.
Mono: successfully reloaded assembly
- Completed reload, in  1.066 seconds
Platform modules already initialized, skipping
Refreshing native plugins compatible for Editor in 0.35 ms, found 2 plugins.
Preloading 0 native plugins for Editor in 0.00 ms.
Unloading 1357 Unused Serialized files (Serialized files now loaded: 0)
System memory in use before: 69.6 MB.
System memory in use after: 69.7 MB.

Unloading 12 unused Assets to reduce memory usage. Loaded Objects now: 1917.
Total: 2.052700 ms (FindLiveObjects: 0.189100 ms CreateObjectMapping: 0.067000 ms MarkObjects: 1.779200 ms  DeleteObjects: 0.016200 ms)

========================================================================
Received Prepare
Registering precompiled user dll's ...
Registered in 0.003946 seconds.
Begin MonoManager ReloadAssembly
Native extension for WindowsStandalone target not found
Refreshing native plugins compatible for Editor in 0.35 ms, found 2 plugins.
Preloading 0 native plugins for Editor in 0.00 ms.
Mono: successfully reloaded assembly
- Completed reload, in  1.184 seconds
Platform modules already initialized, skipping
Refreshing native plugins compatible for Editor in 0.38 ms, found 2 plugins.
Preloading 0 native plugins for Editor in 0.00 ms.
Unloading 1357 Unused Serialized files (Serialized files now loaded: 0)
System memory in use before: 69.6 MB.
System memory in use after: 69.7 MB.

Unloading 12 unused Assets to reduce memory usage. Loaded Objects now: 1919.
Total: 2.299000 ms (FindLiveObjects: 0.169100 ms CreateObjectMapping: 0.048100 ms MarkObjects: 2.061700 ms  DeleteObjects: 0.019000 ms)

========================================================================
Received Prepare
Registering precompiled user dll's ...
Registered in 0.005192 seconds.
Begin MonoManager ReloadAssembly
Native extension for WindowsStandalone target not found
Refreshing native plugins compatible for Editor in 0.44 ms, found 2 plugins.
Preloading 0 native plugins for Editor in 0.00 ms.
Mono: successfully reloaded assembly
- Completed reload, in  1.077 seconds
Platform modules already initialized, skipping
Refreshing native plugins compatible for Editor in 0.37 ms, found 2 plugins.
Preloading 0 native plugins for Editor in 0.00 ms.
Unloading 1357 Unused Serialized files (Serialized files now loaded: 0)
System memory in use before: 69.6 MB.
System memory in use after: 69.7 MB.

Unloading 12 unused Assets to reduce memory usage. Loaded Objects now: 1921.
Total: 2.253800 ms (FindLiveObjects: 0.180100 ms CreateObjectMapping: 0.053100 ms MarkObjects: 1.989400 ms  DeleteObjects: 0.029500 ms)

========================================================================
Received Prepare
Registering precompiled user dll's ...
Registered in 0.004001 seconds.
Begin MonoManager ReloadAssembly
Native extension for WindowsStandalone target not found
Refreshing native plugins compatible for Editor in 0.36 ms, found 2 plugins.
Preloading 0 native plugins for Editor in 0.00 ms.
Mono: successfully reloaded assembly
- Completed reload, in  1.079 seconds
Platform modules already initialized, skipping
Refreshing native plugins compatible for Editor in 0.39 ms, found 2 plugins.
Preloading 0 native plugins for Editor in 0.00 ms.
Unloading 1357 Unused Serialized files (Serialized files now loaded: 0)
System memory in use before: 69.6 MB.
System memory in use after: 69.7 MB.

Unloading 12 unused Assets to reduce memory usage. Loaded Objects now: 1923.
Total: 2.972700 ms (FindLiveObjects: 0.400000 ms CreateObjectMapping: 0.062800 ms MarkObjects: 2.476800 ms  DeleteObjects: 0.029500 ms)

========================================================================
Received Prepare
Registering precompiled user dll's ...
Registered in 0.003476 seconds.
Begin MonoManager ReloadAssembly
Native extension for WindowsStandalone target not found
Refreshing native plugins compatible for Editor in 0.37 ms, found 2 plugins.
Preloading 0 native plugins for Editor in 0.00 ms.
Mono: successfully reloaded assembly
- Completed reload, in  1.033 seconds
Platform modules already initialized, skipping
Refreshing native plugins compatible for Editor in 0.44 ms, found 2 plugins.
Preloading 0 native plugins for Editor in 0.00 ms.
Unloading 1357 Unused Serialized files (Serialized files now loaded: 0)
System memory in use before: 69.6 MB.
System memory in use after: 69.7 MB.

Unloading 12 unused Assets to reduce memory usage. Loaded Objects now: 1925.
Total: 2.412100 ms (FindLiveObjects: 0.240700 ms CreateObjectMapping: 0.108900 ms MarkObjects: 2.043600 ms  DeleteObjects: 0.017700 ms)

========================================================================
Received Prepare
Registering precompiled user dll's ...
Registered in 0.004302 seconds.
Begin MonoManager ReloadAssembly
Native extension for WindowsStandalone target not found
Refreshing native plugins compatible for Editor in 0.36 ms, found 2 plugins.
Preloading 0 native plugins for Editor in 0.00 ms.
Mono: successfully reloaded assembly
- Completed reload, in  1.128 seconds
Platform modules already initialized, skipping
Refreshing native plugins compatible for Editor in 0.36 ms, found 2 plugins.
Preloading 0 native plugins for Editor in 0.00 ms.
Unloading 1357 Unused Serialized files (Serialized files now loaded: 0)
System memory in use before: 69.6 MB.
System memory in use after: 69.7 MB.

Unloading 12 unused Assets to reduce memory usage. Loaded Objects now: 1927.
Total: 2.170100 ms (FindLiveObjects: 0.275800 ms CreateObjectMapping: 0.066500 ms MarkObjects: 1.781900 ms  DeleteObjects: 0.043900 ms)

========================================================================
Received Prepare
Registering precompiled user dll's ...
Registered in 0.003822 seconds.
Begin MonoManager ReloadAssembly
Native extension for WindowsStandalone target not found
Refreshing native plugins compatible for Editor in 0.37 ms, found 2 plugins.
Preloading 0 native plugins for Editor in 0.00 ms.
Mono: successfully reloaded assembly
- Completed reload, in  1.038 seconds
Platform modules already initialized, skipping
Refreshing native plugins compatible for Editor in 0.36 ms, found 2 plugins.
Preloading 0 native plugins for Editor in 0.00 ms.
Unloading 1357 Unused Serialized files (Serialized files now loaded: 0)
System memory in use before: 69.6 MB.
System memory in use after: 69.7 MB.

Unloading 12 unused Assets to reduce memory usage. Loaded Objects now: 1929.
Total: 2.377600 ms (FindLiveObjects: 0.252200 ms CreateObjectMapping: 0.049100 ms MarkObjects: 2.041800 ms  DeleteObjects: 0.033000 ms)

========================================================================
Received Prepare
Registering precompiled user dll's ...
Registered in 0.004170 seconds.
Begin MonoManager ReloadAssembly
Native extension for WindowsStandalone target not found
Refreshing native plugins compatible for Editor in 0.38 ms, found 2 plugins.
Preloading 0 native plugins for Editor in 0.00 ms.
Mono: successfully reloaded assembly
- Completed reload, in  1.230 seconds
Platform modules already initialized, skipping
Refreshing native plugins compatible for Editor in 0.38 ms, found 2 plugins.
Preloading 0 native plugins for Editor in 0.00 ms.
Unloading 1357 Unused Serialized files (Serialized files now loaded: 0)
System memory in use before: 69.6 MB.
System memory in use after: 69.8 MB.

Unloading 12 unused Assets to reduce memory usage. Loaded Objects now: 1931.
Total: 2.610200 ms (FindLiveObjects: 0.216900 ms CreateObjectMapping: 0.103700 ms MarkObjects: 2.259900 ms  DeleteObjects: 0.028600 ms)

========================================================================
Received Prepare
Registering precompiled user dll's ...
Registered in 0.003920 seconds.
Begin MonoManager ReloadAssembly
Native extension for WindowsStandalone target not found
Refreshing native plugins compatible for Editor in 0.40 ms, found 2 plugins.
Preloading 0 native plugins for Editor in 0.00 ms.
Mono: successfully reloaded assembly
- Completed reload, in  1.119 seconds
Platform modules already initialized, skipping
Refreshing native plugins compatible for Editor in 0.55 ms, found 2 plugins.
Preloading 0 native plugins for Editor in 0.00 ms.
Unloading 1357 Unused Serialized files (Serialized files now loaded: 0)
System memory in use before: 69.7 MB.
System memory in use after: 69.8 MB.

Unloading 12 unused Assets to reduce memory usage. Loaded Objects now: 1933.
Total: 2.211500 ms (FindLiveObjects: 0.464600 ms CreateObjectMapping: 0.047400 ms MarkObjects: 1.671500 ms  DeleteObjects: 0.026700 ms)

========================================================================
Received Prepare
Registering precompiled user dll's ...
Registered in 0.005336 seconds.
Begin MonoManager ReloadAssembly
Native extension for WindowsStandalone target not found
Refreshing native plugins compatible for Editor in 0.36 ms, found 2 plugins.
Preloading 0 native plugins for Editor in 0.00 ms.
Mono: successfully reloaded assembly
- Completed reload, in  1.123 seconds
Platform modules already initialized, skipping
Refreshing native plugins compatible for Editor in 0.48 ms, found 2 plugins.
Preloading 0 native plugins for Editor in 0.00 ms.
Unloading 1357 Unused Serialized files (Serialized files now loaded: 0)
System memory in use before: 69.7 MB.
System memory in use after: 69.8 MB.

Unloading 12 unused Assets to reduce memory usage. Loaded Objects now: 1935.
Total: 2.722800 ms (FindLiveObjects: 0.217200 ms CreateObjectMapping: 0.103400 ms MarkObjects: 2.372600 ms  DeleteObjects: 0.028200 ms)

========================================================================
Received Prepare
Registering precompiled user dll's ...
Registered in 0.004070 seconds.
Begin MonoManager ReloadAssembly
Native extension for WindowsStandalone target not found
Refreshing native plugins compatible for Editor in 0.54 ms, found 2 plugins.
Preloading 0 native plugins for Editor in 0.00 ms.
Mono: successfully reloaded assembly
- Completed reload, in  1.134 seconds
Platform modules already initialized, skipping
Refreshing native plugins compatible for Editor in 0.48 ms, found 2 plugins.
Preloading 0 native plugins for Editor in 0.00 ms.
Unloading 1357 Unused Serialized files (Serialized files now loaded: 0)
System memory in use before: 69.7 MB.
System memory in use after: 69.8 MB.

Unloading 12 unused Assets to reduce memory usage. Loaded Objects now: 1937.
Total: 2.231300 ms (FindLiveObjects: 0.212500 ms CreateObjectMapping: 0.088400 ms MarkObjects: 1.896900 ms  DeleteObjects: 0.031900 ms)

AssetImportWorkerClient::OnTransportError - code=2 error=End of file
